#
# A fatal error has been detected by the Java Runtime Environment:
#
#  EXCEPTION_ACCESS_VIOLATION (0xc0000005) at pc=0x00007ffe5f7be0f3, pid=10092, tid=13232
#
# JRE version: Java(TM) SE Runtime Environment (14.0.2+12) (build 14.0.2+12-46)
# Java VM: Java HotSpot(TM) 64-Bit Server VM (14.0.2+12-46, mixed mode, sharing, tiered, compressed oops, g1 gc, windows-amd64)
# Problematic frame:
# V  [jvm.dll+0x2ee0f3]
#
# No core dump will be written. Minidumps are not enabled by default on client versions of Windows
#
# If you would like to submit a bug report, please visit:
#   https://bugreport.java.com/bugreport/crash.jsp
#

---------------  S U M M A R Y ------------

Command Line: -agentlib:jdwp=transport=dt_socket,suspend=y,address=localhost:53380 -ea -javaagent:C:\Users\Zupper\eclipse\jee-2020-06\eclipse\configuration\org.eclipse.osgi\413\0\.cp\lib\javaagent-shaded.jar -Dfile.encoding=UTF-8 org.eclipse.jdt.internal.junit.runner.RemoteTestRunner -version 3 -port 53379 -testLoaderClass org.eclipse.jdt.internal.junit5.runner.JUnit5TestLoader -loaderpluginname org.eclipse.jdt.junit5.runtime -classNames br.com.zup.estrelas.sistema.prefeitura.service.ProjetoServiceTestes

Host: Intel(R) Core(TM) i5-6200U CPU @ 2.30GHz, 4 cores, 7G,  Windows 10 , 64 bit Build 18362 (10.0.18362.1110)
Time: Sat Nov 14 01:43:21 2020 Hora oficial do Brasil elapsed time: 5142 seconds (0d 1h 25m 42s)

---------------  T H R E A D  ---------------

Current thread (0x000001a3dd99f800):  JavaThread "JDWP Transport Listener: dt_socket" daemon [_thread_in_vm, id=13232, stack(0x0000008aae700000,0x0000008aae800000)] _threads_hazard_ptr=0x000001a3e028e480

Stack: [0x0000008aae700000,0x0000008aae800000],  sp=0x0000008aae7fee20,  free space=1019k
Native frames: (J=compiled Java code, j=interpreted, Vv=VM code, C=native code)
V  [jvm.dll+0x2ee0f3]
V  [jvm.dll+0x2f1f87]
V  [jvm.dll+0x2f248c]
V  [jvm.dll+0x2ee3c2]
V  [jvm.dll+0x5e7b55]
V  [jvm.dll+0x5e78dd]
V  [jvm.dll+0x5af8e3]
V  [jvm.dll+0x739aef]
V  [jvm.dll+0x4bee61]
V  [jvm.dll+0x74908b]
V  [jvm.dll+0x4a54ee]
V  [jvm.dll+0x46ee7b]
C  [jdwp.dll+0x751f]


siginfo: EXCEPTION_ACCESS_VIOLATION (0xc0000005), reading address 0xffffffffffffffff


Register to memory mapping:

RIP=0x00007ffe5f7be0f3 jvm.dll
RAX=0x000001a3de3e2ab0 points into unknown readable memory: 01 00 00 00 00 00 00 00
RBX=0x0000008aae7feff0 is pointing into the stack for thread: 0x000001a3dd99f800
RCX=0x0000008aae7ff060 is pointing into the stack for thread: 0x000001a3dd99f800
RDX=0xffffffffffffb82f is an unknown value
RSP=0x0000008aae7fee20 is pointing into the stack for thread: 0x000001a3dd99f800
RBP=0x00007ffe5f7be0d0 jvm.dll
RSI=0x0 is NULL
RDI=0x00000000000000a1 is an unknown value
R8 =0x03fffffffffffee0 is an unknown value
R9 =0x000000000000002f is an unknown value
R10=0x0000000800ba9da0 is a pointer to class: 
br.com.zup.estrelas.sistema.prefeitura.service.ProjetoServiceTestes {0x0000000800ba9da8}
R11={method} {0x000001a3dd338bd8} 'deveConcluirProjetoComSucesso' '()V' in 'br/com/zup/estrelas/sistema/prefeitura/service/ProjetoServiceTestes'
R12=0x0000000000000001 is an unknown value
R13=0x00007ffe5f4d0000 jvm.dll
R14=0x000001a3dd338b48 is pointing into metadata
R15=0x0000000000000020 is an unknown value


Registers:
RAX=0x000001a3de3e2ab0, RBX=0x0000008aae7feff0, RCX=0x0000008aae7ff060, RDX=0xffffffffffffb82f
RSP=0x0000008aae7fee20, RBP=0x00007ffe5f7be0d0, RSI=0x0000000000000000, RDI=0x00000000000000a1
R8 =0x03fffffffffffee0, R9 =0x000000000000002f, R10=0x0000000800ba9da0, R11=0x000001a3dd338bd0
R12=0x0000000000000001, R13=0x00007ffe5f4d0000, R14=0x000001a3dd338b48, R15=0x0000000000000020
RIP=0x00007ffe5f7be0f3, EFLAGS=0x0000000000010a03

Top of Stack: (sp=0x0000008aae7fee20)
0x0000008aae7fee20:   0000000000000000 0000008aae7fef90
0x0000008aae7fee30:   0000000000000000 00007ffe5f7d350a
0x0000008aae7fee40:   0000008aae7feff0 00007ffe5f7c1f87
0x0000008aae7fee50:   0000008aae7feff0 000001a3dd99f800
0x0000008aae7fee60:   0000008aae7feec0 00007ffe5f5e137e
0x0000008aae7fee70:   000001a3dd338bd0 0000008aae7ff060
0x0000008aae7fee80:   000001a3de3e9778 000001a3dd338b48
0x0000008aae7fee90:   00000000000000a1 00007ffe5f7c248c
0x0000008aae7feea0:   0000008aae7feff0 0000000000000020
0x0000008aae7feeb0:   00000000000000a1 000001a3bc4b0cc0
0x0000008aae7feec0:   000001a3dd338bd0 000001a3dd99f800
0x0000008aae7feed0:   0000002300000020 000000a100000056
0x0000008aae7feee0:   0000005600000000 ffffffff000000a1
0x0000008aae7feef0:   000001a3de3e9778 0000000000000000
0x0000008aae7fef00:   0000000000000000 00000000000083b0
0x0000008aae7fef10:   000001a3de3e2a60 00007ffe5f7be3c2 

Instructions: (pc=0x00007ffe5f7be0f3)
0x00007ffe5f7bdff3:   84 b4 00 00 00 48 8b 5b 10 48 85 db 75 ef 33 d2
0x00007ffe5f7be003:   8d 4a 18 e8 65 39 36 00 48 8b d8 48 85 c0 0f 84
0x00007ffe5f7be013:   8e 00 00 00 33 d2 48 89 6c 24 48 49 8b 2e 48 89
0x00007ffe5f7be023:   74 24 50 89 38 8d 4a 20 e8 40 39 36 00 33 ff 48
0x00007ffe5f7be033:   8b f0 48 85 c0 74 54 8b 0d 38 23 6d 00 8d 57 08
0x00007ffe5f7be043:   89 48 04 48 8b c8 89 38 c7 40 10 08 00 00 00 48
0x00007ffe5f7be053:   89 78 08 e8 45 4e 01 00 48 89 46 18 39 7e 04 7e
0x00007ffe5f7be063:   2d 0f 1f 40 00 0f 1f 84 00 00 00 00 00 48 8b 46
0x00007ffe5f7be073:   18 48 63 cf 48 8d 14 c8 48 85 d2 74 05 33 c0 48
0x00007ffe5f7be083:   89 02 ff c7 3b 7e 04 7c e4 eb 03 48 8b f7 48 89
0x00007ffe5f7be093:   73 08 48 8b 74 24 50 48 89 6b 10 48 8b 6c 24 48
0x00007ffe5f7be0a3:   eb 04 33 ff 8b df 49 89 1e 48 8b 4b 08 48 8d 54
0x00007ffe5f7be0b3:   24 40 4c 89 7c 24 40 e8 e1 8b dc ff 48 8b 5c 24
0x00007ffe5f7be0c3:   58 48 83 c4 20 41 5f 41 5e 5f c3 cc cc 40 53 48
0x00007ffe5f7be0d3:   83 ec 20 48 63 d2 48 8b d9 0f b6 c2 48 83 c1 70
0x00007ffe5f7be0e3:   24 3f 4c 8b c2 44 0f b6 c8 49 c1 e8 06 48 8b 01
0x00007ffe5f7be0f3:   4e 8b 04 c0 4d 0f a3 c8 72 0b 41 b0 01 e8 6b f9
0x00007ffe5f7be103:   e0 ff ff 43 6c 48 83 c4 20 5b c3 cc cc 8b c2 4c
0x00007ffe5f7be113:   8b d1 41 33 c0 a9 00 00 00 f0 0f 84 ca 00 00 00
0x00007ffe5f7be123:   44 8b ca 8b c2 41 c1 e9 1d b9 72 00 00 00 41 80
0x00007ffe5f7be133:   e1 01 c1 e8 1e 44 8d 59 ae a8 01 74 1a 45 84 c9
0x00007ffe5f7be143:   75 0d c1 ea 1c f6 c2 01 75 05 44 8b c9 eb 35 41
0x00007ffe5f7be153:   b9 23 00 00 00 eb 2d 45 84 c9 74 08 41 b9 76 00
0x00007ffe5f7be163:   00 00 eb 20 8b c2 c1 e8 1c a8 01 74 08 41 b9 70
0x00007ffe5f7be173:   00 00 00 eb 0f c1 ea 1f 41 b9 40 00 00 00 84 d2
0x00007ffe5f7be183:   45 0f 45 cb 41 8b d0 41 8b c0 c1 ea 1d 80 e2 01
0x00007ffe5f7be193:   c1 e8 1e a8 01 74 15 84 d2 75 0a 41 c1 e8 1c 41
0x00007ffe5f7be1a3:   f6 c0 01 74 33 b9 23 00 00 00 eb 2c 84 d2 74 07
0x00007ffe5f7be1b3:   b9 76 00 00 00 eb 21 41 8b c0 c1 e8 1c a8 01 74
0x00007ffe5f7be1c3:   07 b9 70 00 00 00 eb 10 41 c1 e8 1f b9 40 00 00
0x00007ffe5f7be1d3:   00 45 84 c0 41 0f 45 cb 44 8b c1 48 8d 15 53 79
0x00007ffe5f7be1e3:   56 00 49 8b ca e9 f3 5b 00 00 c3 cc cc 48 89 5c 


Stack slot to memory mapping:
stack at sp + 0 slots: 0x0 is NULL
stack at sp + 1 slots: 0x0000008aae7fef90 is pointing into the stack for thread: 0x000001a3dd99f800
stack at sp + 2 slots: 0x0 is NULL
stack at sp + 3 slots: 0x00007ffe5f7d350a jvm.dll
stack at sp + 4 slots: 0x0000008aae7feff0 is pointing into the stack for thread: 0x000001a3dd99f800
stack at sp + 5 slots: 0x00007ffe5f7c1f87 jvm.dll
stack at sp + 6 slots: 0x0000008aae7feff0 is pointing into the stack for thread: 0x000001a3dd99f800
stack at sp + 7 slots: 0x000001a3dd99f800 is a thread


---------------  P R O C E S S  ---------------

Threads class SMR info:
_java_thread_list=0x000001a3e028e480, length=15, elements={
0x000001a3be6c0000, 0x000001a3dce55800, 0x000001a3dce57000, 0x000001a3dce6b000,
0x000001a3dce6c000, 0x000001a3dce6e000, 0x000001a3dce74800, 0x000001a3dce75800,
0x000001a3dce78000, 0x000001a3dd874800, 0x000001a3dd99f800, 0x000001a3dd9a0800,
0x000001a3dd9a5800, 0x000001a3de1b9800, 0x000001a3de309800
}

Java Threads: ( => current thread )
  0x000001a3be6c0000 JavaThread "main" [_thread_blocked, id=10336, stack(0x0000008aad600000,0x0000008aad700000)]
  0x000001a3dce55800 JavaThread "Reference Handler" daemon [_thread_blocked, id=3304, stack(0x0000008aadd00000,0x0000008aade00000)]
  0x000001a3dce57000 JavaThread "Finalizer" daemon [_thread_blocked, id=10352, stack(0x0000008aade00000,0x0000008aadf00000)]
  0x000001a3dce6b000 JavaThread "Signal Dispatcher" daemon [_thread_blocked, id=6736, stack(0x0000008aadf00000,0x0000008aae000000)]
  0x000001a3dce6c000 JavaThread "Attach Listener" daemon [_thread_blocked, id=11136, stack(0x0000008aae000000,0x0000008aae100000)]
  0x000001a3dce6e000 JavaThread "Service Thread" daemon [_thread_blocked, id=7448, stack(0x0000008aae100000,0x0000008aae200000)]
  0x000001a3dce74800 JavaThread "C2 CompilerThread0" daemon [_thread_blocked, id=8836, stack(0x0000008aae200000,0x0000008aae300000)]
  0x000001a3dce75800 JavaThread "C1 CompilerThread0" daemon [_thread_blocked, id=12568, stack(0x0000008aae300000,0x0000008aae400000)]
  0x000001a3dce78000 JavaThread "Sweeper thread" daemon [_thread_blocked, id=4280, stack(0x0000008aae400000,0x0000008aae500000)]
  0x000001a3dd874800 JavaThread "Common-Cleaner" daemon [_thread_blocked, id=12592, stack(0x0000008aae500000,0x0000008aae600000)]
=>0x000001a3dd99f800 JavaThread "JDWP Transport Listener: dt_socket" daemon [_thread_in_vm, id=13232, stack(0x0000008aae700000,0x0000008aae800000)]
  0x000001a3dd9a0800 JavaThread "JDWP Event Helper Thread" daemon [_thread_blocked, id=12036, stack(0x0000008aae800000,0x0000008aae900000)]
  0x000001a3dd9a5800 JavaThread "JDWP Command Reader" daemon [_thread_in_native, id=432, stack(0x0000008aae900000,0x0000008aaea00000)]
  0x000001a3de1b9800 JavaThread "Notification Thread" daemon [_thread_blocked, id=12556, stack(0x0000008aaea00000,0x0000008aaeb00000)]
  0x000001a3de309800 JavaThread "ReaderThread" [_thread_in_native, id=10136, stack(0x0000008aaee00000,0x0000008aaef00000)]

Other Threads:
  0x000001a3dce4e800 VMThread "VM Thread" [stack: 0x0000008aadc00000,0x0000008aadd00000] [id=5140]
  0x000001a3de1d6800 WatcherThread [stack: 0x0000008aaeb00000,0x0000008aaec00000] [id=6268]
  0x000001a3be703800 GCTaskThread "GC Thread#0" [stack: 0x0000008aad700000,0x0000008aad800000] [id=8480]
  0x000001a3de21f000 GCTaskThread "GC Thread#1" [stack: 0x0000008aaec00000,0x0000008aaed00000] [id=12688]
  0x000001a3de232800 GCTaskThread "GC Thread#2" [stack: 0x0000008aaed00000,0x0000008aaee00000] [id=11720]
  0x000001a3de231000 GCTaskThread "GC Thread#3" [stack: 0x0000008aaef00000,0x0000008aaf000000] [id=7568]
  0x000001a3be716800 ConcurrentGCThread "G1 Main Marker" [stack: 0x0000008aad800000,0x0000008aad900000] [id=12048]
  0x000001a3be717800 ConcurrentGCThread "G1 Conc#0" [stack: 0x0000008aad900000,0x0000008aada00000] [id=3832]
  0x000001a3dccc2800 ConcurrentGCThread "G1 Refine#0" [stack: 0x0000008aada00000,0x0000008aadb00000] [id=6952]
  0x000001a3dccc4800 ConcurrentGCThread "G1 Young RemSet Sampling" [stack: 0x0000008aadb00000,0x0000008aadc00000] [id=10524]

Threads with active compile tasks:

VM state:not at safepoint (normal execution)

VM Mutex/Monitor currently owned by a thread: None

Heap address: 0x0000000081c00000, size: 2020 MB, Compressed Oops mode: 32-bit
Narrow klass base: 0x0000000800000000, Narrow klass shift: 3
Compressed class space size: 1073741824 Address: 0x0000000800b30000

Heap:
 garbage-first heap   total 131072K, used 8459K [0x0000000081c00000, 0x0000000100000000)
  region size 1024K, 4 young (4096K), 3 survivors (3072K)
 Metaspace       used 12979K, capacity 13385K, committed 13568K, reserved 1060864K
  class space    used 1895K, capacity 2025K, committed 2048K, reserved 1048576K
Heap Regions: E=young(eden), S=young(survivor), O=old, HS=humongous(starts), HC=humongous(continues), CS=collection set, F=free, OA=open archive, CA=closed archive, TAMS=top-at-mark-start (previous, next)
|   0|0x0000000081c00000, 0x0000000081d00000, 0x0000000081d00000|100%|HS|  |TAMS 0x0000000081c00000, 0x0000000081c00000| Complete 
|   1|0x0000000081d00000, 0x0000000081e00000, 0x0000000081e00000|100%| O|  |TAMS 0x0000000081d00000, 0x0000000081d00000| Untracked 
|   2|0x0000000081e00000, 0x0000000081f00000, 0x0000000081f00000|100%| O|  |TAMS 0x0000000081e00000, 0x0000000081e00000| Untracked 
|   3|0x0000000081f00000, 0x0000000082000000, 0x0000000082000000|100%| O|  |TAMS 0x0000000081f00000, 0x0000000081f00000| Untracked 
|   4|0x0000000082000000, 0x0000000082100000, 0x0000000082100000|100%| O|  |TAMS 0x0000000082000000, 0x0000000082000000| Untracked 
|   5|0x0000000082100000, 0x0000000082200000, 0x0000000082200000|100%| O|  |TAMS 0x0000000082100000, 0x0000000082100000| Untracked 
|   6|0x0000000082200000, 0x0000000082215800, 0x0000000082300000|  8%| O|  |TAMS 0x0000000082200000, 0x0000000082200000| Untracked 
|   7|0x0000000082300000, 0x0000000082300000, 0x0000000082400000|  0%| F|  |TAMS 0x0000000082300000, 0x0000000082300000| Untracked 
|   8|0x0000000082400000, 0x0000000082400000, 0x0000000082500000|  0%| F|  |TAMS 0x0000000082400000, 0x0000000082400000| Untracked 
|   9|0x0000000082500000, 0x0000000082500000, 0x0000000082600000|  0%| F|  |TAMS 0x0000000082500000, 0x0000000082500000| Untracked 
|  10|0x0000000082600000, 0x0000000082600000, 0x0000000082700000|  0%| F|  |TAMS 0x0000000082600000, 0x0000000082600000| Untracked 
|  11|0x0000000082700000, 0x0000000082700000, 0x0000000082800000|  0%| F|  |TAMS 0x0000000082700000, 0x0000000082700000| Untracked 
|  12|0x0000000082800000, 0x0000000082800000, 0x0000000082900000|  0%| F|  |TAMS 0x0000000082800000, 0x0000000082800000| Untracked 
|  13|0x0000000082900000, 0x0000000082900000, 0x0000000082a00000|  0%| F|  |TAMS 0x0000000082900000, 0x0000000082900000| Untracked 
|  14|0x0000000082a00000, 0x0000000082a00000, 0x0000000082b00000|  0%| F|  |TAMS 0x0000000082a00000, 0x0000000082a00000| Untracked 
|  15|0x0000000082b00000, 0x0000000082b00000, 0x0000000082c00000|  0%| F|  |TAMS 0x0000000082b00000, 0x0000000082b00000| Untracked 
|  16|0x0000000082c00000, 0x0000000082c00000, 0x0000000082d00000|  0%| F|  |TAMS 0x0000000082c00000, 0x0000000082c00000| Untracked 
|  17|0x0000000082d00000, 0x0000000082d00000, 0x0000000082e00000|  0%| F|  |TAMS 0x0000000082d00000, 0x0000000082d00000| Untracked 
|  18|0x0000000082e00000, 0x0000000082e00000, 0x0000000082f00000|  0%| F|  |TAMS 0x0000000082e00000, 0x0000000082e00000| Untracked 
|  19|0x0000000082f00000, 0x0000000082f00000, 0x0000000083000000|  0%| F|  |TAMS 0x0000000082f00000, 0x0000000082f00000| Untracked 
|  20|0x0000000083000000, 0x0000000083000000, 0x0000000083100000|  0%| F|  |TAMS 0x0000000083000000, 0x0000000083000000| Untracked 
|  21|0x0000000083100000, 0x0000000083100000, 0x0000000083200000|  0%| F|  |TAMS 0x0000000083100000, 0x0000000083100000| Untracked 
|  22|0x0000000083200000, 0x0000000083200000, 0x0000000083300000|  0%| F|  |TAMS 0x0000000083200000, 0x0000000083200000| Untracked 
|  23|0x0000000083300000, 0x0000000083300000, 0x0000000083400000|  0%| F|  |TAMS 0x0000000083300000, 0x0000000083300000| Untracked 
|  24|0x0000000083400000, 0x0000000083400000, 0x0000000083500000|  0%| F|  |TAMS 0x0000000083400000, 0x0000000083400000| Untracked 
|  25|0x0000000083500000, 0x0000000083500000, 0x0000000083600000|  0%| F|  |TAMS 0x0000000083500000, 0x0000000083500000| Untracked 
|  26|0x0000000083600000, 0x0000000083600000, 0x0000000083700000|  0%| F|  |TAMS 0x0000000083600000, 0x0000000083600000| Untracked 
|  27|0x0000000083700000, 0x0000000083700000, 0x0000000083800000|  0%| F|  |TAMS 0x0000000083700000, 0x0000000083700000| Untracked 
|  28|0x0000000083800000, 0x0000000083800000, 0x0000000083900000|  0%| F|  |TAMS 0x0000000083800000, 0x0000000083800000| Untracked 
|  29|0x0000000083900000, 0x0000000083900000, 0x0000000083a00000|  0%| F|  |TAMS 0x0000000083900000, 0x0000000083900000| Untracked 
|  30|0x0000000083a00000, 0x0000000083a00000, 0x0000000083b00000|  0%| F|  |TAMS 0x0000000083a00000, 0x0000000083a00000| Untracked 
|  31|0x0000000083b00000, 0x0000000083b00000, 0x0000000083c00000|  0%| F|  |TAMS 0x0000000083b00000, 0x0000000083b00000| Untracked 
|  32|0x0000000083c00000, 0x0000000083c00000, 0x0000000083d00000|  0%| F|  |TAMS 0x0000000083c00000, 0x0000000083c00000| Untracked 
|  33|0x0000000083d00000, 0x0000000083d00000, 0x0000000083e00000|  0%| F|  |TAMS 0x0000000083d00000, 0x0000000083d00000| Untracked 
|  34|0x0000000083e00000, 0x0000000083e00000, 0x0000000083f00000|  0%| F|  |TAMS 0x0000000083e00000, 0x0000000083e00000| Untracked 
|  35|0x0000000083f00000, 0x0000000083f00000, 0x0000000084000000|  0%| F|  |TAMS 0x0000000083f00000, 0x0000000083f00000| Untracked 
|  36|0x0000000084000000, 0x0000000084000000, 0x0000000084100000|  0%| F|  |TAMS 0x0000000084000000, 0x0000000084000000| Untracked 
|  37|0x0000000084100000, 0x0000000084100000, 0x0000000084200000|  0%| F|  |TAMS 0x0000000084100000, 0x0000000084100000| Untracked 
|  38|0x0000000084200000, 0x0000000084200000, 0x0000000084300000|  0%| F|  |TAMS 0x0000000084200000, 0x0000000084200000| Untracked 
|  39|0x0000000084300000, 0x0000000084300000, 0x0000000084400000|  0%| F|  |TAMS 0x0000000084300000, 0x0000000084300000| Untracked 
|  40|0x0000000084400000, 0x0000000084400000, 0x0000000084500000|  0%| F|  |TAMS 0x0000000084400000, 0x0000000084400000| Untracked 
|  41|0x0000000084500000, 0x0000000084500000, 0x0000000084600000|  0%| F|  |TAMS 0x0000000084500000, 0x0000000084500000| Untracked 
|  42|0x0000000084600000, 0x0000000084600000, 0x0000000084700000|  0%| F|  |TAMS 0x0000000084600000, 0x0000000084600000| Untracked 
|  43|0x0000000084700000, 0x0000000084700000, 0x0000000084800000|  0%| F|  |TAMS 0x0000000084700000, 0x0000000084700000| Untracked 
|  44|0x0000000084800000, 0x0000000084800000, 0x0000000084900000|  0%| F|  |TAMS 0x0000000084800000, 0x0000000084800000| Untracked 
|  45|0x0000000084900000, 0x0000000084900000, 0x0000000084a00000|  0%| F|  |TAMS 0x0000000084900000, 0x0000000084900000| Untracked 
|  46|0x0000000084a00000, 0x0000000084a00000, 0x0000000084b00000|  0%| F|  |TAMS 0x0000000084a00000, 0x0000000084a00000| Untracked 
|  47|0x0000000084b00000, 0x0000000084b00000, 0x0000000084c00000|  0%| F|  |TAMS 0x0000000084b00000, 0x0000000084b00000| Untracked 
|  48|0x0000000084c00000, 0x0000000084c00000, 0x0000000084d00000|  0%| F|  |TAMS 0x0000000084c00000, 0x0000000084c00000| Untracked 
|  49|0x0000000084d00000, 0x0000000084d2d640, 0x0000000084e00000| 17%| S|CS|TAMS 0x0000000084d00000, 0x0000000084d00000| Complete 
|  50|0x0000000084e00000, 0x0000000084f00000, 0x0000000084f00000|100%| S|CS|TAMS 0x0000000084e00000, 0x0000000084e00000| Complete 
|  51|0x0000000084f00000, 0x0000000085000000, 0x0000000085000000|100%| S|CS|TAMS 0x0000000084f00000, 0x0000000084f00000| Complete 
|  52|0x0000000085000000, 0x0000000085000000, 0x0000000085100000|  0%| F|  |TAMS 0x0000000085000000, 0x0000000085000000| Untracked 
|  53|0x0000000085100000, 0x0000000085100000, 0x0000000085200000|  0%| F|  |TAMS 0x0000000085100000, 0x0000000085100000| Untracked 
|  54|0x0000000085200000, 0x0000000085200000, 0x0000000085300000|  0%| F|  |TAMS 0x0000000085200000, 0x0000000085200000| Untracked 
|  55|0x0000000085300000, 0x0000000085300000, 0x0000000085400000|  0%| F|  |TAMS 0x0000000085300000, 0x0000000085300000| Untracked 
|  56|0x0000000085400000, 0x0000000085400000, 0x0000000085500000|  0%| F|  |TAMS 0x0000000085400000, 0x0000000085400000| Untracked 
|  57|0x0000000085500000, 0x0000000085500000, 0x0000000085600000|  0%| F|  |TAMS 0x0000000085500000, 0x0000000085500000| Untracked 
|  58|0x0000000085600000, 0x0000000085600000, 0x0000000085700000|  0%| F|  |TAMS 0x0000000085600000, 0x0000000085600000| Untracked 
|  59|0x0000000085700000, 0x0000000085700000, 0x0000000085800000|  0%| F|  |TAMS 0x0000000085700000, 0x0000000085700000| Untracked 
|  60|0x0000000085800000, 0x0000000085800000, 0x0000000085900000|  0%| F|  |TAMS 0x0000000085800000, 0x0000000085800000| Untracked 
|  61|0x0000000085900000, 0x0000000085900000, 0x0000000085a00000|  0%| F|  |TAMS 0x0000000085900000, 0x0000000085900000| Untracked 
|  62|0x0000000085a00000, 0x0000000085a00000, 0x0000000085b00000|  0%| F|  |TAMS 0x0000000085a00000, 0x0000000085a00000| Untracked 
|  63|0x0000000085b00000, 0x0000000085b00000, 0x0000000085c00000|  0%| F|  |TAMS 0x0000000085b00000, 0x0000000085b00000| Untracked 
|  64|0x0000000085c00000, 0x0000000085c00000, 0x0000000085d00000|  0%| F|  |TAMS 0x0000000085c00000, 0x0000000085c00000| Untracked 
|  65|0x0000000085d00000, 0x0000000085d00000, 0x0000000085e00000|  0%| F|  |TAMS 0x0000000085d00000, 0x0000000085d00000| Untracked 
|  66|0x0000000085e00000, 0x0000000085e00000, 0x0000000085f00000|  0%| F|  |TAMS 0x0000000085e00000, 0x0000000085e00000| Untracked 
|  67|0x0000000085f00000, 0x0000000085f00000, 0x0000000086000000|  0%| F|  |TAMS 0x0000000085f00000, 0x0000000085f00000| Untracked 
|  68|0x0000000086000000, 0x0000000086000000, 0x0000000086100000|  0%| F|  |TAMS 0x0000000086000000, 0x0000000086000000| Untracked 
|  69|0x0000000086100000, 0x0000000086100000, 0x0000000086200000|  0%| F|  |TAMS 0x0000000086100000, 0x0000000086100000| Untracked 
|  70|0x0000000086200000, 0x0000000086200000, 0x0000000086300000|  0%| F|  |TAMS 0x0000000086200000, 0x0000000086200000| Untracked 
|  71|0x0000000086300000, 0x0000000086300000, 0x0000000086400000|  0%| F|  |TAMS 0x0000000086300000, 0x0000000086300000| Untracked 
|  72|0x0000000086400000, 0x0000000086400000, 0x0000000086500000|  0%| F|  |TAMS 0x0000000086400000, 0x0000000086400000| Untracked 
|  73|0x0000000086500000, 0x0000000086500000, 0x0000000086600000|  0%| F|  |TAMS 0x0000000086500000, 0x0000000086500000| Untracked 
|  74|0x0000000086600000, 0x0000000086600000, 0x0000000086700000|  0%| F|  |TAMS 0x0000000086600000, 0x0000000086600000| Untracked 
|  75|0x0000000086700000, 0x0000000086700000, 0x0000000086800000|  0%| F|  |TAMS 0x0000000086700000, 0x0000000086700000| Untracked 
|  76|0x0000000086800000, 0x0000000086800000, 0x0000000086900000|  0%| F|  |TAMS 0x0000000086800000, 0x0000000086800000| Untracked 
|  77|0x0000000086900000, 0x0000000086900000, 0x0000000086a00000|  0%| F|  |TAMS 0x0000000086900000, 0x0000000086900000| Untracked 
|  78|0x0000000086a00000, 0x0000000086a00000, 0x0000000086b00000|  0%| F|  |TAMS 0x0000000086a00000, 0x0000000086a00000| Untracked 
|  79|0x0000000086b00000, 0x0000000086b00000, 0x0000000086c00000|  0%| F|  |TAMS 0x0000000086b00000, 0x0000000086b00000| Untracked 
|  80|0x0000000086c00000, 0x0000000086c00000, 0x0000000086d00000|  0%| F|  |TAMS 0x0000000086c00000, 0x0000000086c00000| Untracked 
|  81|0x0000000086d00000, 0x0000000086d00000, 0x0000000086e00000|  0%| F|  |TAMS 0x0000000086d00000, 0x0000000086d00000| Untracked 
|  82|0x0000000086e00000, 0x0000000086e00000, 0x0000000086f00000|  0%| F|  |TAMS 0x0000000086e00000, 0x0000000086e00000| Untracked 
|  83|0x0000000086f00000, 0x0000000086f00000, 0x0000000087000000|  0%| F|  |TAMS 0x0000000086f00000, 0x0000000086f00000| Untracked 
|  84|0x0000000087000000, 0x0000000087000000, 0x0000000087100000|  0%| F|  |TAMS 0x0000000087000000, 0x0000000087000000| Untracked 
|  85|0x0000000087100000, 0x0000000087100000, 0x0000000087200000|  0%| F|  |TAMS 0x0000000087100000, 0x0000000087100000| Untracked 
|  86|0x0000000087200000, 0x0000000087200000, 0x0000000087300000|  0%| F|  |TAMS 0x0000000087200000, 0x0000000087200000| Untracked 
|  87|0x0000000087300000, 0x0000000087300000, 0x0000000087400000|  0%| F|  |TAMS 0x0000000087300000, 0x0000000087300000| Untracked 
|  88|0x0000000087400000, 0x0000000087400000, 0x0000000087500000|  0%| F|  |TAMS 0x0000000087400000, 0x0000000087400000| Untracked 
|  89|0x0000000087500000, 0x0000000087500000, 0x0000000087600000|  0%| F|  |TAMS 0x0000000087500000, 0x0000000087500000| Untracked 
|  90|0x0000000087600000, 0x0000000087600000, 0x0000000087700000|  0%| F|  |TAMS 0x0000000087600000, 0x0000000087600000| Untracked 
|  91|0x0000000087700000, 0x0000000087700000, 0x0000000087800000|  0%| F|  |TAMS 0x0000000087700000, 0x0000000087700000| Untracked 
|  92|0x0000000087800000, 0x0000000087800000, 0x0000000087900000|  0%| F|  |TAMS 0x0000000087800000, 0x0000000087800000| Untracked 
|  93|0x0000000087900000, 0x0000000087900000, 0x0000000087a00000|  0%| F|  |TAMS 0x0000000087900000, 0x0000000087900000| Untracked 
|  94|0x0000000087a00000, 0x0000000087a00000, 0x0000000087b00000|  0%| F|  |TAMS 0x0000000087a00000, 0x0000000087a00000| Untracked 
|  95|0x0000000087b00000, 0x0000000087b00000, 0x0000000087c00000|  0%| F|  |TAMS 0x0000000087b00000, 0x0000000087b00000| Untracked 
|  96|0x0000000087c00000, 0x0000000087c00000, 0x0000000087d00000|  0%| F|  |TAMS 0x0000000087c00000, 0x0000000087c00000| Untracked 
|  97|0x0000000087d00000, 0x0000000087d00000, 0x0000000087e00000|  0%| F|  |TAMS 0x0000000087d00000, 0x0000000087d00000| Untracked 
|  98|0x0000000087e00000, 0x0000000087e00000, 0x0000000087f00000|  0%| F|  |TAMS 0x0000000087e00000, 0x0000000087e00000| Untracked 
|  99|0x0000000087f00000, 0x0000000087f00000, 0x0000000088000000|  0%| F|  |TAMS 0x0000000087f00000, 0x0000000087f00000| Untracked 
| 100|0x0000000088000000, 0x0000000088000000, 0x0000000088100000|  0%| F|  |TAMS 0x0000000088000000, 0x0000000088000000| Untracked 
| 101|0x0000000088100000, 0x0000000088100000, 0x0000000088200000|  0%| F|  |TAMS 0x0000000088100000, 0x0000000088100000| Untracked 
| 102|0x0000000088200000, 0x0000000088200000, 0x0000000088300000|  0%| F|  |TAMS 0x0000000088200000, 0x0000000088200000| Untracked 
| 103|0x0000000088300000, 0x0000000088300000, 0x0000000088400000|  0%| F|  |TAMS 0x0000000088300000, 0x0000000088300000| Untracked 
| 104|0x0000000088400000, 0x0000000088400000, 0x0000000088500000|  0%| F|  |TAMS 0x0000000088400000, 0x0000000088400000| Untracked 
| 105|0x0000000088500000, 0x0000000088500000, 0x0000000088600000|  0%| F|  |TAMS 0x0000000088500000, 0x0000000088500000| Untracked 
| 106|0x0000000088600000, 0x0000000088600000, 0x0000000088700000|  0%| F|  |TAMS 0x0000000088600000, 0x0000000088600000| Untracked 
| 107|0x0000000088700000, 0x0000000088700000, 0x0000000088800000|  0%| F|  |TAMS 0x0000000088700000, 0x0000000088700000| Untracked 
| 108|0x0000000088800000, 0x0000000088800000, 0x0000000088900000|  0%| F|  |TAMS 0x0000000088800000, 0x0000000088800000| Untracked 
| 109|0x0000000088900000, 0x0000000088900000, 0x0000000088a00000|  0%| F|  |TAMS 0x0000000088900000, 0x0000000088900000| Untracked 
| 110|0x0000000088a00000, 0x0000000088a00000, 0x0000000088b00000|  0%| F|  |TAMS 0x0000000088a00000, 0x0000000088a00000| Untracked 
| 111|0x0000000088b00000, 0x0000000088b00000, 0x0000000088c00000|  0%| F|  |TAMS 0x0000000088b00000, 0x0000000088b00000| Untracked 
| 112|0x0000000088c00000, 0x0000000088c00000, 0x0000000088d00000|  0%| F|  |TAMS 0x0000000088c00000, 0x0000000088c00000| Untracked 
| 113|0x0000000088d00000, 0x0000000088d00000, 0x0000000088e00000|  0%| F|  |TAMS 0x0000000088d00000, 0x0000000088d00000| Untracked 
| 114|0x0000000088e00000, 0x0000000088e00000, 0x0000000088f00000|  0%| F|  |TAMS 0x0000000088e00000, 0x0000000088e00000| Untracked 
| 115|0x0000000088f00000, 0x0000000088f00000, 0x0000000089000000|  0%| F|  |TAMS 0x0000000088f00000, 0x0000000088f00000| Untracked 
| 116|0x0000000089000000, 0x0000000089000000, 0x0000000089100000|  0%| F|  |TAMS 0x0000000089000000, 0x0000000089000000| Untracked 
| 117|0x0000000089100000, 0x0000000089100000, 0x0000000089200000|  0%| F|  |TAMS 0x0000000089100000, 0x0000000089100000| Untracked 
| 118|0x0000000089200000, 0x0000000089200000, 0x0000000089300000|  0%| F|  |TAMS 0x0000000089200000, 0x0000000089200000| Untracked 
| 119|0x0000000089300000, 0x0000000089300000, 0x0000000089400000|  0%| F|  |TAMS 0x0000000089300000, 0x0000000089300000| Untracked 
| 120|0x0000000089400000, 0x0000000089400000, 0x0000000089500000|  0%| F|  |TAMS 0x0000000089400000, 0x0000000089400000| Untracked 
| 121|0x0000000089500000, 0x0000000089500000, 0x0000000089600000|  0%| F|  |TAMS 0x0000000089500000, 0x0000000089500000| Untracked 
| 122|0x0000000089600000, 0x0000000089600000, 0x0000000089700000|  0%| F|  |TAMS 0x0000000089600000, 0x0000000089600000| Untracked 
| 123|0x0000000089700000, 0x0000000089700000, 0x0000000089800000|  0%| F|  |TAMS 0x0000000089700000, 0x0000000089700000| Untracked 
| 124|0x0000000089800000, 0x0000000089800000, 0x0000000089900000|  0%| F|  |TAMS 0x0000000089800000, 0x0000000089800000| Untracked 
| 125|0x0000000089900000, 0x0000000089900000, 0x0000000089a00000|  0%| F|  |TAMS 0x0000000089900000, 0x0000000089900000| Untracked 
| 126|0x0000000089a00000, 0x0000000089a00000, 0x0000000089b00000|  0%| F|  |TAMS 0x0000000089a00000, 0x0000000089a00000| Untracked 
| 127|0x0000000089b00000, 0x0000000089bb3db8, 0x0000000089c00000| 70%| E|  |TAMS 0x0000000089b00000, 0x0000000089b00000| Complete 

Card table byte_map: [0x000001a3d6250000,0x000001a3d6650000] _byte_map_base: 0x000001a3d5e42000

Marking Bits (Prev, Next): (CMBitMap*) 0x000001a3be704638, (CMBitMap*) 0x000001a3be704678
 Prev Bits: [0x000001a3d6a50000, 0x000001a3d89e0000)
 Next Bits: [0x000001a3d89e0000, 0x000001a3da970000)

Polling page: 0x000001a3bc510000

Metaspace:

Usage:
  Non-class:     11.09 MB capacity,    10.82 MB ( 98%) used,   235.09 KB (  2%) free+waste,    40.63 KB ( <1%) overhead. 
      Class:      1.98 MB capacity,     1.85 MB ( 94%) used,   109.15 KB (  5%) free+waste,    20.63 KB (  1%) overhead. 
       Both:     13.07 MB capacity,    12.68 MB ( 97%) used,   344.23 KB (  3%) free+waste,    61.25 KB ( <1%) overhead. 

Virtual space:
  Non-class space:       12.00 MB reserved,      11.25 MB ( 94%) committed 
      Class space:        1.00 GB reserved,       2.00 MB ( <1%) committed 
             Both:        1.01 GB reserved,      13.25 MB (  1%) committed 

Chunk freelists:
   Non-Class:  32.00 KB
       Class:  23.00 KB
        Both:  55.00 KB

MaxMetaspaceSize: 17179869184.00 GB
CompressedClassSpaceSize: 1.00 GB

CodeHeap 'non-profiled nmethods': size=120000Kb used=954Kb max_used=954Kb free=119045Kb
 bounds [0x000001a3ce920000, 0x000001a3ceb90000, 0x000001a3d5e50000]
CodeHeap 'profiled nmethods': size=120000Kb used=3787Kb max_used=3787Kb free=116212Kb
 bounds [0x000001a3c73f0000, 0x000001a3c77b0000, 0x000001a3ce920000]
CodeHeap 'non-nmethods': size=5760Kb used=1279Kb max_used=1349Kb free=4481Kb
 bounds [0x000001a3c6e50000, 0x000001a3c70c0000, 0x000001a3c73f0000]
 total_blobs=2296 nmethods=1849 adapters=359
 compilation: enabled
              stopped_count=0, restarted_count=0
 full_count=0

Compilation events (20 events):
Event: 2.392 Thread 0x000001a3dea02800 nmethod 1659 0x000001a3cea08f10 code [0x000001a3cea09220, 0x000001a3cea09c68]
Event: 2.392 Thread 0x000001a3dea02800 1654       4       sun.net.util.IPAddressUtil::checkHostString (53 bytes)
Event: 2.393 Thread 0x000001a3dea02800 nmethod 1654 0x000001a3cea0a190 code [0x000001a3cea0a340, 0x000001a3cea0a458]
Event: 2.393 Thread 0x000001a3dea02800 1813       4       net.bytebuddy.description.type.TypeDescription$Generic$OfNonGenericType$ForLoadedType::asErasure (8 bytes)
Event: 2.397 Thread 0x000001a3dce74800 nmethod 1656 0x000001a3cea0a590 code [0x000001a3cea0aa00, 0x000001a3cea0c720]
Event: 2.397 Thread 0x000001a3dce74800 1652       4       java.lang.CharacterDataLatin1::isWhitespace (23 bytes)
Event: 2.398 Thread 0x000001a3dce74800 nmethod 1652 0x000001a3cea0d510 code [0x000001a3cea0d6a0, 0x000001a3cea0d778]
Event: 2.398 Thread 0x000001a3dce74800 1690       4       java.lang.reflect.Method::getParameterCount (6 bytes)
Event: 2.399 Thread 0x000001a3dce74800 nmethod 1690 0x000001a3cea0d810 code [0x000001a3cea0d9a0, 0x000001a3cea0da78]
Event: 2.399 Thread 0x000001a3dce74800 1839       4       org.eclipse.jdt.launching.internal.org.objectweb.asm.ClassWriter::visitEnd (1 bytes)
Event: 2.399 Thread 0x000001a3dce74800 nmethod 1839 0x000001a3cea0db10 code [0x000001a3cea0dc80, 0x000001a3cea0dcf8]
Event: 2.399 Thread 0x000001a3dce74800 1657       4       jdk.internal.loader.URLClassPath$JarLoader$2::getCodeSourceURL (8 bytes)
Event: 2.400 Thread 0x000001a3dce74800 nmethod 1657 0x000001a3cea0de10 code [0x000001a3cea0dfa0, 0x000001a3cea0e078]
Event: 2.401 Thread 0x000001a3dea02800 nmethod 1813 0x000001a3cea0e110 code [0x000001a3cea0e300, 0x000001a3cea0e708]
Event: 165.566 Thread 0x000001a3dce75800 1849   !   3       java.lang.ref.ReferenceQueue::remove (125 bytes)
Event: 165.566 Thread 0x000001a3dce75800 nmethod 1849 0x000001a3c77a1610 code [0x000001a3c77a1840, 0x000001a3c77a2198]
Event: 165.566 Thread 0x000001a3dce75800 1850   !   3       jdk.internal.ref.PhantomCleanable::isListEmpty (34 bytes)
Event: 165.566 Thread 0x000001a3dce75800 nmethod 1850 0x000001a3c77a2510 code [0x000001a3c77a26c0, 0x000001a3c77a2a18]
Event: 837.683 Thread 0x000001a3dce75800 1851       3       org.eclipse.jdt.launching.internal.org.objectweb.asm.Type::<init> (26 bytes)
Event: 837.683 Thread 0x000001a3dce75800 nmethod 1851 0x000001a3c77a2b90 code [0x000001a3c77a2d20, 0x000001a3c77a2ef8]

GC Heap History (8 events):
Event: 0.663 GC heap before
{Heap before GC invocations=0 (full 0):
 garbage-first heap   total 131072K, used 13312K [0x0000000081c00000, 0x0000000100000000)
  region size 1024K, 13 young (13312K), 0 survivors (0K)
 Metaspace       used 3004K, capacity 4973K, committed 5120K, reserved 1056768K
  class space    used 273K, capacity 443K, committed 512K, reserved 1048576K
}
Event: 0.668 GC heap after
{Heap after GC invocations=1 (full 0):
 garbage-first heap   total 131072K, used 6061K [0x0000000081c00000, 0x0000000100000000)
  region size 1024K, 2 young (2048K), 2 survivors (2048K)
 Metaspace       used 3004K, capacity 4973K, committed 5120K, reserved 1056768K
  class space    used 273K, capacity 443K, committed 512K, reserved 1048576K
}
Event: 0.892 GC heap before
{Heap before GC invocations=1 (full 0):
 garbage-first heap   total 131072K, used 18349K [0x0000000081c00000, 0x0000000100000000)
  region size 1024K, 14 young (14336K), 2 survivors (2048K)
 Metaspace       used 4390K, capacity 5752K, committed 6016K, reserved 1056768K
  class space    used 433K, capacity 576K, committed 640K, reserved 1048576K
}
Event: 0.895 GC heap after
{Heap after GC invocations=2 (full 0):
 garbage-first heap   total 131072K, used 6860K [0x0000000081c00000, 0x0000000100000000)
  region size 1024K, 1 young (1024K), 1 survivors (1024K)
 Metaspace       used 4390K, capacity 5752K, committed 6016K, reserved 1056768K
  class space    used 433K, capacity 576K, committed 640K, reserved 1048576K
}
Event: 1.259 GC heap before
{Heap before GC invocations=2 (full 0):
 garbage-first heap   total 131072K, used 31436K [0x0000000081c00000, 0x0000000100000000)
  region size 1024K, 26 young (26624K), 1 survivors (1024K)
 Metaspace       used 6955K, capacity 7514K, committed 7680K, reserved 1056768K
  class space    used 795K, capacity 930K, committed 1024K, reserved 1048576K
}
Event: 1.261 GC heap after
{Heap after GC invocations=3 (full 0):
 garbage-first heap   total 131072K, used 7369K [0x0000000081c00000, 0x0000000100000000)
  region size 1024K, 2 young (2048K), 2 survivors (2048K)
 Metaspace       used 6955K, capacity 7514K, committed 7680K, reserved 1056768K
  class space    used 795K, capacity 930K, committed 1024K, reserved 1048576K
}
Event: 165.561 GC heap before
{Heap before GC invocations=3 (full 0):
 garbage-first heap   total 131072K, used 83145K [0x0000000081c00000, 0x0000000100000000)
  region size 1024K, 76 young (77824K), 2 survivors (2048K)
 Metaspace       used 12946K, capacity 13385K, committed 13568K, reserved 1060864K
  class space    used 1890K, capacity 2025K, committed 2048K, reserved 1048576K
}
Event: 165.565 GC heap after
{Heap after GC invocations=4 (full 0):
 garbage-first heap   total 131072K, used 8459K [0x0000000081c00000, 0x0000000100000000)
  region size 1024K, 3 young (3072K), 3 survivors (3072K)
 Metaspace       used 12946K, capacity 13385K, committed 13568K, reserved 1060864K
  class space    used 1890K, capacity 2025K, committed 2048K, reserved 1048576K
}

Deoptimization events (20 events):
Event: 1.953 Thread 0x000001a3be6c0000 DEOPT PACKING pc=0x000001a3c7587545 sp=0x0000008aad6f8550
Event: 1.953 Thread 0x000001a3be6c0000 DEOPT UNPACKING pc=0x000001a3c6e9964e sp=0x0000008aad6f7c00 mode 0
Event: 2.045 Thread 0x000001a3be6c0000 DEOPT PACKING pc=0x000001a3c7587545 sp=0x0000008aad6f9730
Event: 2.045 Thread 0x000001a3be6c0000 DEOPT UNPACKING pc=0x000001a3c6e9964e sp=0x0000008aad6f8de0 mode 0
Event: 2.056 Thread 0x000001a3be6c0000 DEOPT PACKING pc=0x000001a3c75a74b4 sp=0x0000008aad6fb690
Event: 2.057 Thread 0x000001a3be6c0000 DEOPT UNPACKING pc=0x000001a3c6e9964e sp=0x0000008aad6fab28 mode 1
Event: 2.057 Thread 0x000001a3be6c0000 DEOPT PACKING pc=0x000001a3c7590784 sp=0x0000008aad6fb760
Event: 2.057 Thread 0x000001a3be6c0000 DEOPT UNPACKING pc=0x000001a3c6e9964e sp=0x0000008aad6fac18 mode 1
Event: 2.120 Thread 0x000001a3be6c0000 DEOPT PACKING pc=0x000001a3c7587545 sp=0x0000008aad6f6160
Event: 2.120 Thread 0x000001a3be6c0000 DEOPT UNPACKING pc=0x000001a3c6e9964e sp=0x0000008aad6f5810 mode 0
Event: 2.203 Thread 0x000001a3be6c0000 DEOPT PACKING pc=0x000001a3c7587545 sp=0x0000008aad6f9e70
Event: 2.203 Thread 0x000001a3be6c0000 DEOPT UNPACKING pc=0x000001a3c6e9964e sp=0x0000008aad6f9520 mode 0
Event: 2.338 Thread 0x000001a3be6c0000 DEOPT PACKING pc=0x000001a3c7587545 sp=0x0000008aad6fae10
Event: 2.338 Thread 0x000001a3be6c0000 DEOPT UNPACKING pc=0x000001a3c6e9964e sp=0x0000008aad6fa4c0 mode 0
Event: 2.346 Thread 0x000001a3be6c0000 DEOPT PACKING pc=0x000001a3c75a74b4 sp=0x0000008aad6fc1b0
Event: 2.346 Thread 0x000001a3be6c0000 DEOPT UNPACKING pc=0x000001a3c6e9964e sp=0x0000008aad6fb648 mode 1
Event: 2.346 Thread 0x000001a3be6c0000 DEOPT PACKING pc=0x000001a3c7590784 sp=0x0000008aad6fc280
Event: 2.346 Thread 0x000001a3be6c0000 DEOPT UNPACKING pc=0x000001a3c6e9964e sp=0x0000008aad6fb738 mode 1
Event: 2.379 Thread 0x000001a3be6c0000 DEOPT PACKING pc=0x000001a3c75640af sp=0x0000008aad6fc2b0
Event: 2.379 Thread 0x000001a3be6c0000 DEOPT UNPACKING pc=0x000001a3c6e9964e sp=0x0000008aad6fb748 mode 0

Classes unloaded (0 events):
No events

Classes redefined (5 events):
Event: 165.570 Thread 0x000001a3dce4e800 redefined class name=br.com.zup.estrelas.sistema.prefeitura.service.ProjetoServiceTestes, count=1
Event: 551.130 Thread 0x000001a3dce4e800 redefined class name=br.com.zup.estrelas.sistema.prefeitura.service.ProjetoServiceTestes, count=2
Event: 629.363 Thread 0x000001a3dce4e800 redefined class name=br.com.zup.estrelas.sistema.prefeitura.service.ProjetoServiceTestes, count=3
Event: 659.430 Thread 0x000001a3dce4e800 redefined class name=br.com.zup.estrelas.sistema.prefeitura.service.ProjetoServiceTestes, count=4
Event: 755.290 Thread 0x000001a3dce4e800 redefined class name=br.com.zup.estrelas.sistema.prefeitura.service.ProjetoServiceTestes, count=5

Internal exceptions (20 events):
Event: 0.835 Thread 0x000001a3be6c0000 Exception <a 'java/lang/NoSuchMethodError'{0x00000000894aa6e8}: 'java.lang.Object java.lang.invoke.DirectMethodHandle$Holder.invokeStaticInit(java.lang.Object, int)'> (0x00000000894aa6e8) 
thrown [./open/src/hotspot/share/interpreter/linkResolver.cpp, line 766]
Event: 0.860 Thread 0x000001a3be6c0000 Exception <a 'java/lang/NoSuchMethodError'{0x00000000892c82a0}: 'int java.lang.invoke.DirectMethodHandle$Holder.invokeSpecialIFC(java.lang.Object, java.lang.Object, java.lang.Object, java.lang.Object)'> (0x00000000892c82a0) 
thrown [./open/src/hotspot/share/interpreter/linkResolver.cpp, line 766]
Event: 0.885 Thread 0x000001a3be6c0000 Exception <a 'java/lang/NoSuchMethodError'{0x00000000890585c8}: 'void java.lang.invoke.DirectMethodHandle$Holder.invokeInterface(java.lang.Object, java.lang.Object)'> (0x00000000890585c8) 
thrown [./open/src/hotspot/share/interpreter/linkResolver.cpp, line 766]
Event: 0.885 Thread 0x000001a3be6c0000 Exception <a 'java/lang/IncompatibleClassChangeError'{0x000000008905b260}: Found class java.lang.Object, but interface was expected> (0x000000008905b260) 
thrown [./open/src/hotspot/share/interpreter/linkResolver.cpp, line 832]
Event: 0.903 Thread 0x000001a3be6c0000 Exception <a 'java/lang/NoSuchMethodError'{0x0000000089be6ac0}: 'int java.lang.invoke.DirectMethodHandle$Holder.invokeSpecialIFC(java.lang.Object, java.lang.Object, int)'> (0x0000000089be6ac0) 
thrown [./open/src/hotspot/share/interpreter/linkResolver.cpp, line 766]
Event: 0.907 Thread 0x000001a3be6c0000 Exception <a 'java/lang/NoSuchMethodError'{0x0000000089a41990}: 'java.lang.Object java.lang.invoke.DirectMethodHandle$Holder.invokeStaticInit(java.lang.Object, java.lang.Object, java.lang.Object)'> (0x0000000089a41990) 
thrown [./open/src/hotspot/share/interpreter/linkResolver.cpp, line 766]
Event: 0.907 Thread 0x000001a3be6c0000 Exception <a 'java/lang/NoSuchMethodError'{0x0000000089a47f50}: 'void java.lang.invoke.DirectMethodHandle$Holder.invokeStaticInit(java.lang.Object, java.lang.Object, java.lang.Object)'> (0x0000000089a47f50) 
thrown [./open/src/hotspot/share/interpreter/linkResolver.cpp, line 766]
Event: 0.957 Thread 0x000001a3be6c0000 Exception <a 'java/lang/IncompatibleClassChangeError'{0x00000000899a1440}: Found class java.lang.Object, but interface was expected> (0x00000000899a1440) 
thrown [./open/src/hotspot/share/interpreter/linkResolver.cpp, line 832]
Event: 1.056 Thread 0x000001a3be6c0000 Exception <a 'java/lang/IncompatibleClassChangeError'{0x00000000890bc168}: Found class java.lang.Object, but interface was expected> (0x00000000890bc168) 
thrown [./open/src/hotspot/share/interpreter/linkResolver.cpp, line 832]
Event: 1.103 Thread 0x000001a3be6c0000 Exception <a 'java/lang/NoSuchMethodError'{0x0000000088c8f150}: 'java.lang.Object java.lang.invoke.DirectMethodHandle$Holder.invokeSpecialIFC(java.lang.Object, java.lang.Object, java.lang.Object, java.lang.Object)'> (0x0000000088c8f150) 
thrown [./open/src/hotspot/share/interpreter/linkResolver.cpp, line 766]
Event: 1.130 Thread 0x000001a3be6c0000 Exception <a 'java/lang/NoSuchMethodError'{0x0000000088b92b60}: 'void java.lang.invoke.DirectMethodHandle$Holder.invokeSpecial(java.lang.Object, java.lang.Object, java.lang.Object, java.lang.Object)'> (0x0000000088b92b60) 
thrown [./open/src/hotspot/share/interpreter/linkResolver.cpp, line 766]
Event: 1.145 Thread 0x000001a3be6c0000 Exception <a 'java/lang/NoSuchMethodError'{0x0000000088a0bb90}: 'java.lang.Object java.lang.invoke.DirectMethodHandle$Holder.invokeVirtual(java.lang.Object, java.lang.Object, java.lang.Object)'> (0x0000000088a0bb90) 
thrown [./open/src/hotspot/share/interpreter/linkResolver.cpp, line 766]
Event: 1.153 Thread 0x000001a3be6c0000 Exception <a 'java/lang/NoSuchMethodError'{0x0000000088a6dcd0}: 'void java.lang.invoke.DirectMethodHandle$Holder.invokeSpecial(java.lang.Object, java.lang.Object, java.lang.Object, java.lang.Object, java.lang.Object, java.lang.Object)'> (0x0000000088a6dcd0) 
thrown [./open/src/hotspot/share/interpreter/linkResolver.cpp, line 766]
Event: 1.157 Thread 0x000001a3be6c0000 Exception <a 'java/lang/NoSuchMethodError'{0x0000000088ab65b0}: 'void java.lang.invoke.DirectMethodHandle$Holder.invokeInterface(java.lang.Object, java.lang.Object, java.lang.Object, java.lang.Object)'> (0x0000000088ab65b0) 
thrown [./open/src/hotspot/share/interpreter/linkResolver.cpp, line 766]
Event: 1.157 Thread 0x000001a3be6c0000 Exception <a 'java/lang/IncompatibleClassChangeError'{0x0000000088ab8fd8}: Found class java.lang.Object, but interface was expected> (0x0000000088ab8fd8) 
thrown [./open/src/hotspot/share/interpreter/linkResolver.cpp, line 832]
Event: 1.161 Thread 0x000001a3be6c0000 Exception <a 'java/lang/NoSuchMethodError'{0x0000000088ae4cc8}: 'void java.lang.invoke.DirectMethodHandle$Holder.invokeStatic(java.lang.Object, java.lang.Object, java.lang.Object, java.lang.Object)'> (0x0000000088ae4cc8) 
thrown [./open/src/hotspot/share/interpreter/linkResolver.cpp, line 766]
Event: 1.177 Thread 0x000001a3be6c0000 Exception <a 'java/lang/NoSuchMethodError'{0x0000000088851e30}: 'java.lang.Object java.lang.invoke.Invokers$Holder.invokeExact_MT(java.lang.Object, java.lang.Object, java.lang.Object, java.lang.Object, java.lang.Object, java.lang.Object)'> (0x0000000088851e30) 
thrown [./open/src/hotspot/share/interpreter/linkResolver.cpp, line 766]
Event: 1.189 Thread 0x000001a3be6c0000 Exception <a 'java/lang/NoSuchMethodError'{0x0000000088725688}: 'void java.lang.invoke.DirectMethodHandle$Holder.invokeSpecial(java.lang.Object, java.lang.Object)'> (0x0000000088725688) 
thrown [./open/src/hotspot/share/interpreter/linkResolver.cpp, line 766]
Event: 1.281 Thread 0x000001a3be6c0000 Exception <a 'java/lang/NoSuchMethodError'{0x0000000089aea558}: 'int java.lang.invoke.DirectMethodHandle$Holder.invokeSpecial(java.lang.Object, java.lang.Object, java.lang.Object, java.lang.Object)'> (0x0000000089aea558) 
thrown [./open/src/hotspot/share/interpreter/linkResolver.cpp, line 766]
Event: 1.931 Thread 0x000001a3be6c0000 Exception <a 'java/lang/ClassNotFoundException'{0x0000000086c39870}: java/lang/ClassLoader$ByteBuddyAccessor$JzO056F6> (0x0000000086c39870) 
thrown [./open/src/hotspot/share/classfile/systemDictionary.cpp, line 226]

Events (20 events):
Event: 5077.594 Executing VM operation: GetOwnedMonitorInfo
Event: 5077.594 Executing VM operation: GetOwnedMonitorInfo done
Event: 5078.393 Executing VM operation: GetCurrentContendedMonitor
Event: 5078.393 Executing VM operation: GetCurrentContendedMonitor done
Event: 5078.393 Executing VM operation: GetOwnedMonitorInfo
Event: 5078.394 Executing VM operation: GetOwnedMonitorInfo done
Event: 5078.439 Executing VM operation: GetCurrentContendedMonitor
Event: 5078.440 Executing VM operation: GetCurrentContendedMonitor done
Event: 5078.440 Executing VM operation: GetOwnedMonitorInfo
Event: 5078.440 Executing VM operation: GetOwnedMonitorInfo done
Event: 5112.488 Executing VM operation: GetCurrentContendedMonitor
Event: 5112.488 Executing VM operation: GetCurrentContendedMonitor done
Event: 5112.488 Executing VM operation: GetOwnedMonitorInfo
Event: 5112.489 Executing VM operation: GetOwnedMonitorInfo done
Event: 5112.604 Executing VM operation: GetCurrentContendedMonitor
Event: 5112.604 Executing VM operation: GetCurrentContendedMonitor done
Event: 5112.604 Executing VM operation: GetOwnedMonitorInfo
Event: 5112.604 Executing VM operation: GetOwnedMonitorInfo done
Event: 5142.646 Executing VM operation: GetFrameLocation
Event: 5142.646 Executing VM operation: GetFrameLocation done


Dynamic libraries:
0x00007ff628c70000 - 0x00007ff628c7f000 	C:\Program Files\Java\jdk-14.0.2\bin\javaw.exe
0x00007ffe8b7e0000 - 0x00007ffe8b9d0000 	C:\Windows\SYSTEM32\ntdll.dll
0x00007ffe8b680000 - 0x00007ffe8b732000 	C:\Windows\System32\KERNEL32.DLL
0x00007ffe88a90000 - 0x00007ffe88d35000 	C:\Windows\System32\KERNELBASE.dll
0x00007ffe88960000 - 0x00007ffe88a5a000 	C:\Windows\System32\ucrtbase.dll
0x00007ffe7f8e0000 - 0x00007ffe7f8f8000 	C:\Program Files\Java\jdk-14.0.2\bin\jli.dll
0x00007ffe7f8c0000 - 0x00007ffe7f8d5000 	C:\Program Files\Java\jdk-14.0.2\bin\VCRUNTIME140.dll
0x00007ffe89890000 - 0x00007ffe89933000 	C:\Windows\System32\ADVAPI32.dll
0x00007ffe8a620000 - 0x00007ffe8a6be000 	C:\Windows\System32\msvcrt.dll
0x00007ffe8b5e0000 - 0x00007ffe8b677000 	C:\Windows\System32\sechost.dll
0x00007ffe8b130000 - 0x00007ffe8b250000 	C:\Windows\System32\RPCRT4.dll
0x00007ffe8b440000 - 0x00007ffe8b5d4000 	C:\Windows\System32\USER32.dll
0x00007ffe89860000 - 0x00007ffe89881000 	C:\Windows\System32\win32u.dll
0x00007ffe89e80000 - 0x00007ffe89ea6000 	C:\Windows\System32\GDI32.dll
0x00007ffe887c0000 - 0x00007ffe88956000 	C:\Windows\System32\gdi32full.dll
0x00007ffe897a0000 - 0x00007ffe8983e000 	C:\Windows\System32\msvcp_win.dll
0x00007ffe82280000 - 0x00007ffe82504000 	C:\Windows\WinSxS\amd64_microsoft.windows.common-controls_6595b64144ccf1df_6.0.18362.1139_none_9e7bf2d3e4605ac6\COMCTL32.dll
0x00007ffe89a90000 - 0x00007ffe89dc5000 	C:\Windows\System32\combase.dll
0x00007ffe88d40000 - 0x00007ffe88dc0000 	C:\Windows\System32\bcryptPrimitives.dll
0x00007ffe7c7b0000 - 0x00007ffe7c7ba000 	C:\Windows\SYSTEM32\VERSION.dll
0x00007ffe89df0000 - 0x00007ffe89e1e000 	C:\Windows\System32\IMM32.DLL
0x00007ffe790c0000 - 0x00007ffe7915b000 	C:\Program Files\Java\jdk-14.0.2\bin\msvcp140.dll
0x00007ffe5f4d0000 - 0x00007ffe5ffee000 	C:\Program Files\Java\jdk-14.0.2\bin\server\jvm.dll
0x00007ffe8ae60000 - 0x00007ffe8ae68000 	C:\Windows\System32\PSAPI.DLL
0x00007ffe74810000 - 0x00007ffe74819000 	C:\Windows\SYSTEM32\WSOCK32.dll
0x00007ffe8b3d0000 - 0x00007ffe8b43f000 	C:\Windows\System32\WS2_32.dll
0x00007ffe864f0000 - 0x00007ffe86514000 	C:\Windows\SYSTEM32\WINMM.dll
0x00007ffe863e0000 - 0x00007ffe8640d000 	C:\Windows\SYSTEM32\WINMMBASE.dll
0x00007ffe88770000 - 0x00007ffe887ba000 	C:\Windows\System32\cfgmgr32.dll
0x00007ffe886d0000 - 0x00007ffe886e1000 	C:\Windows\System32\kernel.appcore.dll
0x00007ffe80f00000 - 0x00007ffe80f0a000 	C:\Program Files\Java\jdk-14.0.2\bin\jimage.dll
0x00007ffe81040000 - 0x00007ffe81234000 	C:\Windows\SYSTEM32\DBGHELP.DLL
0x00007ffe7fc00000 - 0x00007ffe7fc2a000 	C:\Windows\SYSTEM32\dbgcore.DLL
0x00007ffe74d40000 - 0x00007ffe74d78000 	C:\Program Files\Java\jdk-14.0.2\bin\jdwp.dll
0x00007ffe77c80000 - 0x00007ffe77ca5000 	C:\Program Files\Java\jdk-14.0.2\bin\java.dll
0x00007ffe866e0000 - 0x00007ffe866ee000 	C:\Program Files\Java\jdk-14.0.2\bin\instrument.dll
0x00007ffe7a450000 - 0x00007ffe7a466000 	C:\Program Files\Java\jdk-14.0.2\bin\zip.dll
0x00007ffe89f30000 - 0x00007ffe8a617000 	C:\Windows\System32\SHELL32.dll
0x00007ffe8b080000 - 0x00007ffe8b129000 	C:\Windows\System32\shcore.dll
0x00007ffe89020000 - 0x00007ffe897a0000 	C:\Windows\System32\windows.storage.dll
0x00007ffe88740000 - 0x00007ffe88763000 	C:\Windows\System32\profapi.dll
0x00007ffe886f0000 - 0x00007ffe8873a000 	C:\Windows\System32\powrprof.dll
0x00007ffe886a0000 - 0x00007ffe886b0000 	C:\Windows\System32\UMPDC.dll
0x00007ffe8b020000 - 0x00007ffe8b072000 	C:\Windows\System32\shlwapi.dll
0x00007ffe89840000 - 0x00007ffe89857000 	C:\Windows\System32\cryptsp.dll
0x00007ffe829b0000 - 0x00007ffe829bb000 	C:\Program Files\Java\jdk-14.0.2\bin\dt_socket.dll
0x00007ffe87ba0000 - 0x00007ffe87bda000 	C:\Windows\SYSTEM32\IPHLPAPI.DLL
0x00007ffe87e90000 - 0x00007ffe87ef7000 	C:\Windows\system32\mswsock.dll
0x00007ffe87be0000 - 0x00007ffe87cab000 	C:\Windows\SYSTEM32\DNSAPI.dll
0x00007ffe89a80000 - 0x00007ffe89a88000 	C:\Windows\System32\NSI.dll
0x00007ffe77420000 - 0x00007ffe7742a000 	C:\Windows\System32\rasadhlp.dll
0x00007ffe7b720000 - 0x00007ffe7b797000 	C:\Windows\System32\fwpuclnt.dll
0x00007ffe88a60000 - 0x00007ffe88a86000 	C:\Windows\System32\bcrypt.dll
0x00007ffe763b0000 - 0x00007ffe763c9000 	C:\Program Files\Java\jdk-14.0.2\bin\net.dll
0x00007ffe77fb0000 - 0x00007ffe780a0000 	C:\Windows\SYSTEM32\WINHTTP.dll
0x00007ffe76390000 - 0x00007ffe763a2000 	C:\Program Files\Java\jdk-14.0.2\bin\nio.dll
0x00007ffe6fce0000 - 0x00007ffe6fcf0000 	C:\Program Files\Java\jdk-14.0.2\bin\verify.dll
0x00007ffe7b8d0000 - 0x00007ffe7b8e6000 	C:\Windows\SYSTEM32\dhcpcsvc6.DLL
0x00007ffe7c8d0000 - 0x00007ffe7c8ec000 	C:\Windows\SYSTEM32\dhcpcsvc.DLL

dbghelp: loaded successfully - version: 4.0.5 - missing functions: none
symbol engine: initialized successfully - sym options: 0x614 - pdb path: .;C:\Program Files\Java\jdk-14.0.2\bin;C:\Windows\SYSTEM32;C:\Windows\WinSxS\amd64_microsoft.windows.common-controls_6595b64144ccf1df_6.0.18362.1139_none_9e7bf2d3e4605ac6;C:\Program Files\Java\jdk-14.0.2\bin\server

VM Arguments:
jvm_args: -agentlib:jdwp=transport=dt_socket,suspend=y,address=localhost:53380 -ea -javaagent:C:\Users\Zupper\eclipse\jee-2020-06\eclipse\configuration\org.eclipse.osgi\413\0\.cp\lib\javaagent-shaded.jar -Dfile.encoding=UTF-8 
java_command: org.eclipse.jdt.internal.junit.runner.RemoteTestRunner -version 3 -port 53379 -testLoaderClass org.eclipse.jdt.internal.junit5.runner.JUnit5TestLoader -loaderpluginname org.eclipse.jdt.junit5.runtime -classNames br.com.zup.estrelas.sistema.prefeitura.service.ProjetoServiceTestes
java_class_path (initial): C:\Users\Zupper\eclipse-workspace\zup-estrelas-sistema-prefeitura\target\test-classes;C:\Users\Zupper\eclipse-workspace\zup-estrelas-sistema-prefeitura\target\classes;C:\Users\Zupper\.m2\repository\org\springframework\boot\spring-boot-starter-data-jpa\2.3.5.RELEASE\spring-boot-starter-data-jpa-2.3.5.RELEASE.jar;C:\Users\Zupper\.m2\repository\org\springframework\boot\spring-boot-starter-aop\2.3.5.RELEASE\spring-boot-starter-aop-2.3.5.RELEASE.jar;C:\Users\Zupper\.m2\repository\org\springframework\spring-aop\5.2.10.RELEASE\spring-aop-5.2.10.RELEASE.jar;C:\Users\Zupper\.m2\repository\org\aspectj\aspectjweaver\1.9.6\aspectjweaver-1.9.6.jar;C:\Users\Zupper\.m2\repository\org\springframework\boot\spring-boot-starter-jdbc\2.3.5.RELEASE\spring-boot-starter-jdbc-2.3.5.RELEASE.jar;C:\Users\Zupper\.m2\repository\com\zaxxer\HikariCP\3.4.5\HikariCP-3.4.5.jar;C:\Users\Zupper\.m2\repository\org\springframework\spring-jdbc\5.2.10.RELEASE\spring-jdbc-5.2.10.RELEASE.jar;C:\Users\Zupper\.m2\repository\jakarta\transaction\jakarta.transaction-api\1.3.3\jakarta.transaction-api-1.3.3.jar;C:\Users\Zupper\.m2\repository\jakarta\persistence\jakarta.persistence-api\2.2.3\jakarta.persistence-api-2.2.3.jar;C:\Users\Zupper\.m2\repository\org\hibernate\hibernate-core\5.4.22.Final\hibernate-core-5.4.22.Final.jar;C:\Users\Zupper\.m2\repository\org\jboss\logging\jboss-logging\3.4.1.Final\jboss-logging-3.4.1.Final.jar;C:\Users\Zupper\.m2\repository\org\javassist\javassist\3.24.0-GA\javassist-3.24.0-GA.jar;C:\Users\Zupper\.m2\repository\net\bytebuddy\byte-buddy\1.10.17\byte-buddy-1.10.17.jar;C:\Users\Zupper\.m2\repository\antlr\antlr\2.7.7\antlr-2.7.7.jar;C:\Users\Zupper\.m2\repository\org\jboss\jandex\2.1.3.Final\jandex-2.1.3.Final.jar;C:\Users\Zupper\.m2\repository\com\fasterxml\classmate\1.5.1\classmate-1.5.1.jar;C:\Users\Zupper\.m2\repository\org\dom4j\dom4j\2.1.3\dom4j-2.1.3.jar;C:\Users\Zupper\.m2\repository\org\hibernate\common\hibernate-commons-annotations\5.1.0.Fin
Launcher Type: SUN_STANDARD

[Global flags]
     intx CICompilerCount                          = 3                                         {product} {ergonomic}
     uint ConcGCThreads                            = 1                                         {product} {ergonomic}
     uint G1ConcRefinementThreads                  = 4                                         {product} {ergonomic}
   size_t G1HeapRegionSize                         = 1048576                                   {product} {ergonomic}
    uintx GCDrainStackTargetSize                   = 64                                        {product} {ergonomic}
   size_t InitialHeapSize                          = 134217728                                 {product} {ergonomic}
   size_t MarkStackSize                            = 4194304                                   {product} {ergonomic}
   size_t MaxHeapSize                              = 2118123520                                {product} {ergonomic}
   size_t MaxNewSize                               = 1270874112                                {product} {ergonomic}
   size_t MinHeapDeltaBytes                        = 1048576                                   {product} {ergonomic}
   size_t MinHeapSize                              = 8388608                                   {product} {ergonomic}
    uintx NonNMethodCodeHeapSize                   = 5832780                                {pd product} {ergonomic}
    uintx NonProfiledCodeHeapSize                  = 122912730                              {pd product} {ergonomic}
    uintx ProfiledCodeHeapSize                     = 122912730                              {pd product} {ergonomic}
    uintx ReservedCodeCacheSize                    = 251658240                              {pd product} {ergonomic}
     bool SegmentedCodeCache                       = true                                      {product} {ergonomic}
   size_t SoftMaxHeapSize                          = 2118123520                             {manageable} {ergonomic}
     bool UseCompressedClassPointers               = true                                 {lp64_product} {ergonomic}
     bool UseCompressedOops                        = true                                 {lp64_product} {ergonomic}
     bool UseG1GC                                  = true                                      {product} {ergonomic}
     bool UseLargePagesIndividualAllocation        = false                                  {pd product} {ergonomic}

Logging:
Log output configuration:
 #0: stdout all=warning uptime,level,tags
 #1: stderr all=off uptime,level,tags

Environment Variables:
JAVA_HOME=C:\Program Files\Java\jdk-14.0.2
PATH=C:/Program Files/Java/jdk-14.0.2/bin/server;C:/Program Files/Java/jdk-14.0.2/bin;C:\Windows\system32;C:\Windows;C:\Windows\System32\Wbem;C:\Windows\System32\WindowsPowerShell\v1.0\;C:\Windows\System32\OpenSSH\;C:\Program Files\Git\cmd;C:\Program Files\Java\jdk-14.0.2\bin;C:\Users\Zupper\apache-maven-3.6.3-bin\apache-maven-3.6.3\bin;C:\Users\Zupper\AppData\Local\Microsoft\WindowsApps;C:\Users\Zupper\apache-maven-3.6.3-bin\apache-maven-3.6.3\bin;;C:\Users\Zupper\Desktop;
USERNAME=Zupper
OS=Windows_NT
PROCESSOR_IDENTIFIER=Intel64 Family 6 Model 78 Stepping 3, GenuineIntel



---------------  S Y S T E M  ---------------

OS: Windows 10 , 64 bit Build 18362 (10.0.18362.1110)
OS uptime: 1 days 15:24 hours

CPU:total 4 (initial active 4) (2 cores per cpu, 2 threads per core) family 6 model 78 stepping 3, cmov, cx8, fxsr, mmx, sse, sse2, sse3, ssse3, sse4.1, sse4.2, popcnt, avx, avx2, aes, clmul, erms, 3dnowpref, lzcnt, ht, tsc, tscinvbit, bmi1, bmi2, adx, fma

Memory: 4k page, system-wide physical 8078M (2458M free)
TotalPageFile size 15246M (AvailPageFile size 7651M)
current process WorkingSet (physical memory assigned to process): 33M, peak: 182M
current process commit charge ("private bytes"): 229M, peak: 272M

vm_info: Java HotSpot(TM) 64-Bit Server VM (14.0.2+12-46) for windows-amd64 JRE (14.0.2+12-46), built on Jul  9 2020 00:35:52 by "mach5one" with MS VC++ 15.9 (VS2017)

END.
