#
# A fatal error has been detected by the Java Runtime Environment:
#
#  EXCEPTION_ACCESS_VIOLATION (0xc0000005) at pc=0x00007ffe5f7be0f3, pid=12784, tid=6260
#
# JRE version: Java(TM) SE Runtime Environment (14.0.2+12) (build 14.0.2+12-46)
# Java VM: Java HotSpot(TM) 64-Bit Server VM (14.0.2+12-46, mixed mode, sharing, tiered, compressed oops, g1 gc, windows-amd64)
# Problematic frame:
# V  [jvm.dll+0x2ee0f3]
#
# No core dump will be written. Minidumps are not enabled by default on client versions of Windows
#
# If you would like to submit a bug report, please visit:
#   https://bugreport.java.com/bugreport/crash.jsp
#

---------------  S U M M A R Y ------------

Command Line: -agentlib:jdwp=transport=dt_socket,suspend=y,address=localhost:53375 -ea -javaagent:C:\Users\Zupper\eclipse\jee-2020-06\eclipse\configuration\org.eclipse.osgi\413\0\.cp\lib\javaagent-shaded.jar -Dfile.encoding=UTF-8 org.eclipse.jdt.internal.junit.runner.RemoteTestRunner -version 3 -port 53374 -testLoaderClass org.eclipse.jdt.internal.junit5.runner.JUnit5TestLoader -loaderpluginname org.eclipse.jdt.junit5.runtime -test br.com.zup.estrelas.sistema.prefeitura.service.ProjetoServiceTestes:deveConcluirProjetoComSucesso

Host: Intel(R) Core(TM) i5-6200U CPU @ 2.30GHz, 4 cores, 7G,  Windows 10 , 64 bit Build 18362 (10.0.18362.1110)
Time: Sat Nov 14 01:43:23 2020 Hora oficial do Brasil elapsed time: 5218 seconds (0d 1h 26m 58s)

---------------  T H R E A D  ---------------

Current thread (0x000001dd7c55b000):  JavaThread "JDWP Transport Listener: dt_socket" daemon [_thread_in_vm, id=6260, stack(0x000000dd5d700000,0x000000dd5d800000)] _threads_hazard_ptr=0x000001dd7e9610a0

Stack: [0x000000dd5d700000,0x000000dd5d800000],  sp=0x000000dd5d7feb90,  free space=1018k
Native frames: (J=compiled Java code, j=interpreted, Vv=VM code, C=native code)
V  [jvm.dll+0x2ee0f3]
V  [jvm.dll+0x2f1f87]
V  [jvm.dll+0x2f248c]
V  [jvm.dll+0x2ee3c2]
V  [jvm.dll+0x5e7b55]
V  [jvm.dll+0x5e78dd]
V  [jvm.dll+0x5af8e3]
V  [jvm.dll+0x739aef]
V  [jvm.dll+0x4bee61]
V  [jvm.dll+0x74908b]
V  [jvm.dll+0x4a54ee]
V  [jvm.dll+0x46ee7b]
C  [jdwp.dll+0x751f]


siginfo: EXCEPTION_ACCESS_VIOLATION (0xc0000005), reading address 0xffffffffffffffff


Register to memory mapping:

RIP=0x00007ffe5f7be0f3 jvm.dll
RAX=0x000001dd7cf048a0 points into unknown readable memory: 01 00 00 00 00 00 00 00
RBX=0x000000dd5d7fed60 is pointing into the stack for thread: 0x000001dd7c55b000
RCX=0x000000dd5d7fedd0 is pointing into the stack for thread: 0x000001dd7c55b000
RDX=0xffffffffffffb82f is an unknown value
RSP=0x000000dd5d7feb90 is pointing into the stack for thread: 0x000001dd7c55b000
RBP=0x00007ffe5f7be0d0 jvm.dll
RSI=0x0 is NULL
RDI=0x00000000000000a1 is an unknown value
R8 =0x03fffffffffffee0 is an unknown value
R9 =0x000000000000002f is an unknown value
R10=0x0000000800ba9da0 is a pointer to class: 
br.com.zup.estrelas.sistema.prefeitura.service.ProjetoServiceTestes {0x0000000800ba9da8}
R11={method} {0x000001dd7bf38c18} 'deveConcluirProjetoComSucesso' '()V' in 'br/com/zup/estrelas/sistema/prefeitura/service/ProjetoServiceTestes'
R12=0x0000000000000001 is an unknown value
R13=0x00007ffe5f4d0000 jvm.dll
R14=0x000001dd7bf38b88 is pointing into metadata
R15=0x0000000000000020 is an unknown value


Registers:
RAX=0x000001dd7cf048a0, RBX=0x000000dd5d7fed60, RCX=0x000000dd5d7fedd0, RDX=0xffffffffffffb82f
RSP=0x000000dd5d7feb90, RBP=0x00007ffe5f7be0d0, RSI=0x0000000000000000, RDI=0x00000000000000a1
R8 =0x03fffffffffffee0, R9 =0x000000000000002f, R10=0x0000000800ba9da0, R11=0x000001dd7bf38c10
R12=0x0000000000000001, R13=0x00007ffe5f4d0000, R14=0x000001dd7bf38b88, R15=0x0000000000000020
RIP=0x00007ffe5f7be0f3, EFLAGS=0x0000000000010a03

Top of Stack: (sp=0x000000dd5d7feb90)
0x000000dd5d7feb90:   0000000000000000 000000dd5d7fed00
0x000000dd5d7feba0:   0000000000000000 00007ffe5f7d350a
0x000000dd5d7febb0:   000000dd5d7fed60 00007ffe5f7c1f87
0x000000dd5d7febc0:   000000dd5d7fed60 000001dd7c55b000
0x000000dd5d7febd0:   000000dd5d7fec30 00007ffe5f5e137e
0x000000dd5d7febe0:   000001dd7bf38c10 000000dd5d7fedd0
0x000000dd5d7febf0:   000001dd7cf0b568 000001dd7bf38b88
0x000000dd5d7fec00:   00000000000000a1 00007ffe5f7c248c
0x000000dd5d7fec10:   000000dd5d7fed60 0000000000000020
0x000000dd5d7fec20:   00000000000000a1 000001dd6a110cf0
0x000000dd5d7fec30:   000001dd7bf38c10 000001dd7c55b000
0x000000dd5d7fec40:   0000002300000020 000000a100000056
0x000000dd5d7fec50:   0000005600000000 ffffffff000000a1
0x000000dd5d7fec60:   000001dd7cf0b568 0000000000000000
0x000000dd5d7fec70:   0000000000000000 00000000000083b0
0x000000dd5d7fec80:   000001dd7cf04850 00007ffe5f7be3c2 

Instructions: (pc=0x00007ffe5f7be0f3)
0x00007ffe5f7bdff3:   84 b4 00 00 00 48 8b 5b 10 48 85 db 75 ef 33 d2
0x00007ffe5f7be003:   8d 4a 18 e8 65 39 36 00 48 8b d8 48 85 c0 0f 84
0x00007ffe5f7be013:   8e 00 00 00 33 d2 48 89 6c 24 48 49 8b 2e 48 89
0x00007ffe5f7be023:   74 24 50 89 38 8d 4a 20 e8 40 39 36 00 33 ff 48
0x00007ffe5f7be033:   8b f0 48 85 c0 74 54 8b 0d 38 23 6d 00 8d 57 08
0x00007ffe5f7be043:   89 48 04 48 8b c8 89 38 c7 40 10 08 00 00 00 48
0x00007ffe5f7be053:   89 78 08 e8 45 4e 01 00 48 89 46 18 39 7e 04 7e
0x00007ffe5f7be063:   2d 0f 1f 40 00 0f 1f 84 00 00 00 00 00 48 8b 46
0x00007ffe5f7be073:   18 48 63 cf 48 8d 14 c8 48 85 d2 74 05 33 c0 48
0x00007ffe5f7be083:   89 02 ff c7 3b 7e 04 7c e4 eb 03 48 8b f7 48 89
0x00007ffe5f7be093:   73 08 48 8b 74 24 50 48 89 6b 10 48 8b 6c 24 48
0x00007ffe5f7be0a3:   eb 04 33 ff 8b df 49 89 1e 48 8b 4b 08 48 8d 54
0x00007ffe5f7be0b3:   24 40 4c 89 7c 24 40 e8 e1 8b dc ff 48 8b 5c 24
0x00007ffe5f7be0c3:   58 48 83 c4 20 41 5f 41 5e 5f c3 cc cc 40 53 48
0x00007ffe5f7be0d3:   83 ec 20 48 63 d2 48 8b d9 0f b6 c2 48 83 c1 70
0x00007ffe5f7be0e3:   24 3f 4c 8b c2 44 0f b6 c8 49 c1 e8 06 48 8b 01
0x00007ffe5f7be0f3:   4e 8b 04 c0 4d 0f a3 c8 72 0b 41 b0 01 e8 6b f9
0x00007ffe5f7be103:   e0 ff ff 43 6c 48 83 c4 20 5b c3 cc cc 8b c2 4c
0x00007ffe5f7be113:   8b d1 41 33 c0 a9 00 00 00 f0 0f 84 ca 00 00 00
0x00007ffe5f7be123:   44 8b ca 8b c2 41 c1 e9 1d b9 72 00 00 00 41 80
0x00007ffe5f7be133:   e1 01 c1 e8 1e 44 8d 59 ae a8 01 74 1a 45 84 c9
0x00007ffe5f7be143:   75 0d c1 ea 1c f6 c2 01 75 05 44 8b c9 eb 35 41
0x00007ffe5f7be153:   b9 23 00 00 00 eb 2d 45 84 c9 74 08 41 b9 76 00
0x00007ffe5f7be163:   00 00 eb 20 8b c2 c1 e8 1c a8 01 74 08 41 b9 70
0x00007ffe5f7be173:   00 00 00 eb 0f c1 ea 1f 41 b9 40 00 00 00 84 d2
0x00007ffe5f7be183:   45 0f 45 cb 41 8b d0 41 8b c0 c1 ea 1d 80 e2 01
0x00007ffe5f7be193:   c1 e8 1e a8 01 74 15 84 d2 75 0a 41 c1 e8 1c 41
0x00007ffe5f7be1a3:   f6 c0 01 74 33 b9 23 00 00 00 eb 2c 84 d2 74 07
0x00007ffe5f7be1b3:   b9 76 00 00 00 eb 21 41 8b c0 c1 e8 1c a8 01 74
0x00007ffe5f7be1c3:   07 b9 70 00 00 00 eb 10 41 c1 e8 1f b9 40 00 00
0x00007ffe5f7be1d3:   00 45 84 c0 41 0f 45 cb 44 8b c1 48 8d 15 53 79
0x00007ffe5f7be1e3:   56 00 49 8b ca e9 f3 5b 00 00 c3 cc cc 48 89 5c 


Stack slot to memory mapping:
stack at sp + 0 slots: 0x0 is NULL
stack at sp + 1 slots: 0x000000dd5d7fed00 is pointing into the stack for thread: 0x000001dd7c55b000
stack at sp + 2 slots: 0x0 is NULL
stack at sp + 3 slots: 0x00007ffe5f7d350a jvm.dll
stack at sp + 4 slots: 0x000000dd5d7fed60 is pointing into the stack for thread: 0x000001dd7c55b000
stack at sp + 5 slots: 0x00007ffe5f7c1f87 jvm.dll
stack at sp + 6 slots: 0x000000dd5d7fed60 is pointing into the stack for thread: 0x000001dd7c55b000
stack at sp + 7 slots: 0x000001dd7c55b000 is a thread


---------------  P R O C E S S  ---------------

Threads class SMR info:
_java_thread_list=0x000001dd7e9610a0, length=15, elements={
0x000001dd6c2c1000, 0x000001dd7ba4f000, 0x000001dd7ba51000, 0x000001dd7ba8c000,
0x000001dd7ba8d000, 0x000001dd7ba90000, 0x000001dd7ba98800, 0x000001dd7ba9b800,
0x000001dd7c3b3000, 0x000001dd7ba35000, 0x000001dd7c55b000, 0x000001dd7c55c800,
0x000001dd7c55e000, 0x000001dd7c7a8000, 0x000001dd7ce88800
}

Java Threads: ( => current thread )
  0x000001dd6c2c1000 JavaThread "main" [_thread_blocked, id=972, stack(0x000000dd5c700000,0x000000dd5c800000)]
  0x000001dd7ba4f000 JavaThread "Reference Handler" daemon [_thread_blocked, id=12368, stack(0x000000dd5ce00000,0x000000dd5cf00000)]
  0x000001dd7ba51000 JavaThread "Finalizer" daemon [_thread_blocked, id=12188, stack(0x000000dd5cf00000,0x000000dd5d000000)]
  0x000001dd7ba8c000 JavaThread "Signal Dispatcher" daemon [_thread_blocked, id=1224, stack(0x000000dd5d000000,0x000000dd5d100000)]
  0x000001dd7ba8d000 JavaThread "Attach Listener" daemon [_thread_blocked, id=13112, stack(0x000000dd5d100000,0x000000dd5d200000)]
  0x000001dd7ba90000 JavaThread "Service Thread" daemon [_thread_blocked, id=11324, stack(0x000000dd5d200000,0x000000dd5d300000)]
  0x000001dd7ba98800 JavaThread "C2 CompilerThread0" daemon [_thread_blocked, id=8556, stack(0x000000dd5d300000,0x000000dd5d400000)]
  0x000001dd7ba9b800 JavaThread "C1 CompilerThread0" daemon [_thread_blocked, id=9452, stack(0x000000dd5d400000,0x000000dd5d500000)]
  0x000001dd7c3b3000 JavaThread "Sweeper thread" daemon [_thread_blocked, id=7048, stack(0x000000dd5d500000,0x000000dd5d600000)]
  0x000001dd7ba35000 JavaThread "Common-Cleaner" daemon [_thread_blocked, id=1748, stack(0x000000dd5d600000,0x000000dd5d700000)]
=>0x000001dd7c55b000 JavaThread "JDWP Transport Listener: dt_socket" daemon [_thread_in_vm, id=6260, stack(0x000000dd5d700000,0x000000dd5d800000)]
  0x000001dd7c55c800 JavaThread "JDWP Event Helper Thread" daemon [_thread_blocked, id=500, stack(0x000000dd5d800000,0x000000dd5d900000)]
  0x000001dd7c55e000 JavaThread "JDWP Command Reader" daemon [_thread_in_native, id=6940, stack(0x000000dd5d900000,0x000000dd5da00000)]
  0x000001dd7c7a8000 JavaThread "Notification Thread" daemon [_thread_blocked, id=2612, stack(0x000000dd5db00000,0x000000dd5dc00000)]
  0x000001dd7ce88800 JavaThread "ReaderThread" [_thread_in_native, id=7272, stack(0x000000dd5df00000,0x000000dd5e000000)]

Other Threads:
  0x000001dd7ba4c000 VMThread "VM Thread" [stack: 0x000000dd5cd00000,0x000000dd5ce00000] [id=9360]
  0x000001dd7cbcc000 WatcherThread [stack: 0x000000dd5dc00000,0x000000dd5dd00000] [id=11504]
  0x000001dd6c302000 GCTaskThread "GC Thread#0" [stack: 0x000000dd5c800000,0x000000dd5c900000] [id=8448]
  0x000001dd7cf32800 GCTaskThread "GC Thread#1" [stack: 0x000000dd5dd00000,0x000000dd5de00000] [id=11336]
  0x000001dd7cf45000 GCTaskThread "GC Thread#2" [stack: 0x000000dd5de00000,0x000000dd5df00000] [id=5764]
  0x000001dd7d045800 GCTaskThread "GC Thread#3" [stack: 0x000000dd5e000000,0x000000dd5e100000] [id=4372]
  0x000001dd6c316000 ConcurrentGCThread "G1 Main Marker" [stack: 0x000000dd5c900000,0x000000dd5ca00000] [id=7776]
  0x000001dd6c318000 ConcurrentGCThread "G1 Conc#0" [stack: 0x000000dd5ca00000,0x000000dd5cb00000] [id=10608]
  0x000001dd7b8c5800 ConcurrentGCThread "G1 Refine#0" [stack: 0x000000dd5cb00000,0x000000dd5cc00000] [id=2452]
  0x000001dd7b8c6800 ConcurrentGCThread "G1 Young RemSet Sampling" [stack: 0x000000dd5cc00000,0x000000dd5cd00000] [id=1952]

Threads with active compile tasks:

VM state:not at safepoint (normal execution)

VM Mutex/Monitor currently owned by a thread: None

Heap address: 0x0000000081c00000, size: 2020 MB, Compressed Oops mode: 32-bit
Narrow klass base: 0x0000000800000000, Narrow klass shift: 3
Compressed class space size: 1073741824 Address: 0x0000000800b30000

Heap:
 garbage-first heap   total 131072K, used 81056K [0x0000000081c00000, 0x0000000100000000)
  region size 1024K, 75 young (76800K), 2 survivors (2048K)
 Metaspace       used 12889K, capacity 13367K, committed 13568K, reserved 1060864K
  class space    used 1885K, capacity 2041K, committed 2048K, reserved 1048576K
Heap Regions: E=young(eden), S=young(survivor), O=old, HS=humongous(starts), HC=humongous(continues), CS=collection set, F=free, OA=open archive, CA=closed archive, TAMS=top-at-mark-start (previous, next)
|   0|0x0000000081c00000, 0x0000000081d00000, 0x0000000081d00000|100%|HS|  |TAMS 0x0000000081c00000, 0x0000000081c00000| Complete 
|   1|0x0000000081d00000, 0x0000000081e00000, 0x0000000081e00000|100%| O|  |TAMS 0x0000000081d00000, 0x0000000081d00000| Untracked 
|   2|0x0000000081e00000, 0x0000000081f00000, 0x0000000081f00000|100%| O|  |TAMS 0x0000000081e00000, 0x0000000081e00000| Untracked 
|   3|0x0000000081f00000, 0x0000000082000000, 0x0000000082000000|100%| O|  |TAMS 0x0000000081f00000, 0x0000000081f00000| Untracked 
|   4|0x0000000082000000, 0x0000000082100000, 0x0000000082100000|100%| O|  |TAMS 0x0000000082000000, 0x0000000082000000| Untracked 
|   5|0x0000000082100000, 0x0000000082200000, 0x0000000082200000|100%| O|  |TAMS 0x0000000082100000, 0x0000000082100000| Untracked 
|   6|0x0000000082200000, 0x000000008220e800, 0x0000000082300000|  5%| O|  |TAMS 0x0000000082200000, 0x0000000082200000| Untracked 
|   7|0x0000000082300000, 0x0000000082300000, 0x0000000082400000|  0%| F|  |TAMS 0x0000000082300000, 0x0000000082300000| Untracked 
|   8|0x0000000082400000, 0x0000000082400000, 0x0000000082500000|  0%| F|  |TAMS 0x0000000082400000, 0x0000000082400000| Untracked 
|   9|0x0000000082500000, 0x0000000082500000, 0x0000000082600000|  0%| F|  |TAMS 0x0000000082500000, 0x0000000082500000| Untracked 
|  10|0x0000000082600000, 0x0000000082600000, 0x0000000082700000|  0%| F|  |TAMS 0x0000000082600000, 0x0000000082600000| Untracked 
|  11|0x0000000082700000, 0x0000000082700000, 0x0000000082800000|  0%| F|  |TAMS 0x0000000082700000, 0x0000000082700000| Untracked 
|  12|0x0000000082800000, 0x0000000082800000, 0x0000000082900000|  0%| F|  |TAMS 0x0000000082800000, 0x0000000082800000| Untracked 
|  13|0x0000000082900000, 0x0000000082900000, 0x0000000082a00000|  0%| F|  |TAMS 0x0000000082900000, 0x0000000082900000| Untracked 
|  14|0x0000000082a00000, 0x0000000082a00000, 0x0000000082b00000|  0%| F|  |TAMS 0x0000000082a00000, 0x0000000082a00000| Untracked 
|  15|0x0000000082b00000, 0x0000000082b00000, 0x0000000082c00000|  0%| F|  |TAMS 0x0000000082b00000, 0x0000000082b00000| Untracked 
|  16|0x0000000082c00000, 0x0000000082c00000, 0x0000000082d00000|  0%| F|  |TAMS 0x0000000082c00000, 0x0000000082c00000| Untracked 
|  17|0x0000000082d00000, 0x0000000082d00000, 0x0000000082e00000|  0%| F|  |TAMS 0x0000000082d00000, 0x0000000082d00000| Untracked 
|  18|0x0000000082e00000, 0x0000000082e00000, 0x0000000082f00000|  0%| F|  |TAMS 0x0000000082e00000, 0x0000000082e00000| Untracked 
|  19|0x0000000082f00000, 0x0000000082f00000, 0x0000000083000000|  0%| F|  |TAMS 0x0000000082f00000, 0x0000000082f00000| Untracked 
|  20|0x0000000083000000, 0x0000000083000000, 0x0000000083100000|  0%| F|  |TAMS 0x0000000083000000, 0x0000000083000000| Untracked 
|  21|0x0000000083100000, 0x0000000083100000, 0x0000000083200000|  0%| F|  |TAMS 0x0000000083100000, 0x0000000083100000| Untracked 
|  22|0x0000000083200000, 0x0000000083200000, 0x0000000083300000|  0%| F|  |TAMS 0x0000000083200000, 0x0000000083200000| Untracked 
|  23|0x0000000083300000, 0x0000000083300000, 0x0000000083400000|  0%| F|  |TAMS 0x0000000083300000, 0x0000000083300000| Untracked 
|  24|0x0000000083400000, 0x0000000083400000, 0x0000000083500000|  0%| F|  |TAMS 0x0000000083400000, 0x0000000083400000| Untracked 
|  25|0x0000000083500000, 0x0000000083500000, 0x0000000083600000|  0%| F|  |TAMS 0x0000000083500000, 0x0000000083500000| Untracked 
|  26|0x0000000083600000, 0x0000000083600000, 0x0000000083700000|  0%| F|  |TAMS 0x0000000083600000, 0x0000000083600000| Untracked 
|  27|0x0000000083700000, 0x0000000083700000, 0x0000000083800000|  0%| F|  |TAMS 0x0000000083700000, 0x0000000083700000| Untracked 
|  28|0x0000000083800000, 0x0000000083800000, 0x0000000083900000|  0%| F|  |TAMS 0x0000000083800000, 0x0000000083800000| Untracked 
|  29|0x0000000083900000, 0x0000000083900000, 0x0000000083a00000|  0%| F|  |TAMS 0x0000000083900000, 0x0000000083900000| Untracked 
|  30|0x0000000083a00000, 0x0000000083a00000, 0x0000000083b00000|  0%| F|  |TAMS 0x0000000083a00000, 0x0000000083a00000| Untracked 
|  31|0x0000000083b00000, 0x0000000083b00000, 0x0000000083c00000|  0%| F|  |TAMS 0x0000000083b00000, 0x0000000083b00000| Untracked 
|  32|0x0000000083c00000, 0x0000000083c00000, 0x0000000083d00000|  0%| F|  |TAMS 0x0000000083c00000, 0x0000000083c00000| Untracked 
|  33|0x0000000083d00000, 0x0000000083d00000, 0x0000000083e00000|  0%| F|  |TAMS 0x0000000083d00000, 0x0000000083d00000| Untracked 
|  34|0x0000000083e00000, 0x0000000083e00000, 0x0000000083f00000|  0%| F|  |TAMS 0x0000000083e00000, 0x0000000083e00000| Untracked 
|  35|0x0000000083f00000, 0x0000000083f00000, 0x0000000084000000|  0%| F|  |TAMS 0x0000000083f00000, 0x0000000083f00000| Untracked 
|  36|0x0000000084000000, 0x0000000084000000, 0x0000000084100000|  0%| F|  |TAMS 0x0000000084000000, 0x0000000084000000| Untracked 
|  37|0x0000000084100000, 0x0000000084100000, 0x0000000084200000|  0%| F|  |TAMS 0x0000000084100000, 0x0000000084100000| Untracked 
|  38|0x0000000084200000, 0x0000000084200000, 0x0000000084300000|  0%| F|  |TAMS 0x0000000084200000, 0x0000000084200000| Untracked 
|  39|0x0000000084300000, 0x0000000084300000, 0x0000000084400000|  0%| F|  |TAMS 0x0000000084300000, 0x0000000084300000| Untracked 
|  40|0x0000000084400000, 0x0000000084400000, 0x0000000084500000|  0%| F|  |TAMS 0x0000000084400000, 0x0000000084400000| Untracked 
|  41|0x0000000084500000, 0x0000000084500000, 0x0000000084600000|  0%| F|  |TAMS 0x0000000084500000, 0x0000000084500000| Untracked 
|  42|0x0000000084600000, 0x0000000084600000, 0x0000000084700000|  0%| F|  |TAMS 0x0000000084600000, 0x0000000084600000| Untracked 
|  43|0x0000000084700000, 0x0000000084700000, 0x0000000084800000|  0%| F|  |TAMS 0x0000000084700000, 0x0000000084700000| Untracked 
|  44|0x0000000084800000, 0x0000000084800000, 0x0000000084900000|  0%| F|  |TAMS 0x0000000084800000, 0x0000000084800000| Untracked 
|  45|0x0000000084900000, 0x0000000084900000, 0x0000000084a00000|  0%| F|  |TAMS 0x0000000084900000, 0x0000000084900000| Untracked 
|  46|0x0000000084a00000, 0x0000000084a00000, 0x0000000084b00000|  0%| F|  |TAMS 0x0000000084a00000, 0x0000000084a00000| Untracked 
|  47|0x0000000084b00000, 0x0000000084b00000, 0x0000000084c00000|  0%| F|  |TAMS 0x0000000084b00000, 0x0000000084b00000| Untracked 
|  48|0x0000000084c00000, 0x0000000084c00000, 0x0000000084d00000|  0%| F|  |TAMS 0x0000000084c00000, 0x0000000084c00000| Untracked 
|  49|0x0000000084d00000, 0x0000000084d00000, 0x0000000084e00000|  0%| F|  |TAMS 0x0000000084d00000, 0x0000000084d00000| Untracked 
|  50|0x0000000084e00000, 0x0000000084e00000, 0x0000000084f00000|  0%| F|  |TAMS 0x0000000084e00000, 0x0000000084e00000| Untracked 
|  51|0x0000000084f00000, 0x0000000084f00000, 0x0000000085000000|  0%| F|  |TAMS 0x0000000084f00000, 0x0000000084f00000| Untracked 
|  52|0x0000000085000000, 0x0000000085000000, 0x0000000085100000|  0%| F|  |TAMS 0x0000000085000000, 0x0000000085000000| Untracked 
|  53|0x0000000085100000, 0x0000000085200000, 0x0000000085200000|100%| E|  |TAMS 0x0000000085100000, 0x0000000085100000| Complete 
|  54|0x0000000085200000, 0x0000000085300000, 0x0000000085300000|100%| E|CS|TAMS 0x0000000085200000, 0x0000000085200000| Complete 
|  55|0x0000000085300000, 0x0000000085400000, 0x0000000085400000|100%| E|CS|TAMS 0x0000000085300000, 0x0000000085300000| Complete 
|  56|0x0000000085400000, 0x0000000085500000, 0x0000000085500000|100%| E|CS|TAMS 0x0000000085400000, 0x0000000085400000| Complete 
|  57|0x0000000085500000, 0x0000000085600000, 0x0000000085600000|100%| E|CS|TAMS 0x0000000085500000, 0x0000000085500000| Complete 
|  58|0x0000000085600000, 0x0000000085700000, 0x0000000085700000|100%| E|CS|TAMS 0x0000000085600000, 0x0000000085600000| Complete 
|  59|0x0000000085700000, 0x0000000085800000, 0x0000000085800000|100%| E|CS|TAMS 0x0000000085700000, 0x0000000085700000| Complete 
|  60|0x0000000085800000, 0x0000000085900000, 0x0000000085900000|100%| E|CS|TAMS 0x0000000085800000, 0x0000000085800000| Complete 
|  61|0x0000000085900000, 0x0000000085a00000, 0x0000000085a00000|100%| E|CS|TAMS 0x0000000085900000, 0x0000000085900000| Complete 
|  62|0x0000000085a00000, 0x0000000085b00000, 0x0000000085b00000|100%| E|CS|TAMS 0x0000000085a00000, 0x0000000085a00000| Complete 
|  63|0x0000000085b00000, 0x0000000085c00000, 0x0000000085c00000|100%| E|CS|TAMS 0x0000000085b00000, 0x0000000085b00000| Complete 
|  64|0x0000000085c00000, 0x0000000085d00000, 0x0000000085d00000|100%| E|CS|TAMS 0x0000000085c00000, 0x0000000085c00000| Complete 
|  65|0x0000000085d00000, 0x0000000085e00000, 0x0000000085e00000|100%| E|CS|TAMS 0x0000000085d00000, 0x0000000085d00000| Complete 
|  66|0x0000000085e00000, 0x0000000085f00000, 0x0000000085f00000|100%| E|CS|TAMS 0x0000000085e00000, 0x0000000085e00000| Complete 
|  67|0x0000000085f00000, 0x0000000086000000, 0x0000000086000000|100%| E|CS|TAMS 0x0000000085f00000, 0x0000000085f00000| Complete 
|  68|0x0000000086000000, 0x0000000086100000, 0x0000000086100000|100%| E|CS|TAMS 0x0000000086000000, 0x0000000086000000| Complete 
|  69|0x0000000086100000, 0x0000000086200000, 0x0000000086200000|100%| E|CS|TAMS 0x0000000086100000, 0x0000000086100000| Complete 
|  70|0x0000000086200000, 0x0000000086300000, 0x0000000086300000|100%| E|CS|TAMS 0x0000000086200000, 0x0000000086200000| Complete 
|  71|0x0000000086300000, 0x0000000086400000, 0x0000000086400000|100%| E|CS|TAMS 0x0000000086300000, 0x0000000086300000| Complete 
|  72|0x0000000086400000, 0x0000000086500000, 0x0000000086500000|100%| E|CS|TAMS 0x0000000086400000, 0x0000000086400000| Complete 
|  73|0x0000000086500000, 0x0000000086600000, 0x0000000086600000|100%| E|CS|TAMS 0x0000000086500000, 0x0000000086500000| Complete 
|  74|0x0000000086600000, 0x0000000086700000, 0x0000000086700000|100%| E|CS|TAMS 0x0000000086600000, 0x0000000086600000| Complete 
|  75|0x0000000086700000, 0x0000000086800000, 0x0000000086800000|100%| E|CS|TAMS 0x0000000086700000, 0x0000000086700000| Complete 
|  76|0x0000000086800000, 0x0000000086900000, 0x0000000086900000|100%| E|CS|TAMS 0x0000000086800000, 0x0000000086800000| Complete 
|  77|0x0000000086900000, 0x0000000086a00000, 0x0000000086a00000|100%| E|CS|TAMS 0x0000000086900000, 0x0000000086900000| Complete 
|  78|0x0000000086a00000, 0x0000000086b00000, 0x0000000086b00000|100%| E|CS|TAMS 0x0000000086a00000, 0x0000000086a00000| Complete 
|  79|0x0000000086b00000, 0x0000000086c00000, 0x0000000086c00000|100%| E|CS|TAMS 0x0000000086b00000, 0x0000000086b00000| Complete 
|  80|0x0000000086c00000, 0x0000000086d00000, 0x0000000086d00000|100%| E|CS|TAMS 0x0000000086c00000, 0x0000000086c00000| Complete 
|  81|0x0000000086d00000, 0x0000000086e00000, 0x0000000086e00000|100%| E|CS|TAMS 0x0000000086d00000, 0x0000000086d00000| Complete 
|  82|0x0000000086e00000, 0x0000000086f00000, 0x0000000086f00000|100%| E|CS|TAMS 0x0000000086e00000, 0x0000000086e00000| Complete 
|  83|0x0000000086f00000, 0x0000000087000000, 0x0000000087000000|100%| E|CS|TAMS 0x0000000086f00000, 0x0000000086f00000| Complete 
|  84|0x0000000087000000, 0x0000000087100000, 0x0000000087100000|100%| E|CS|TAMS 0x0000000087000000, 0x0000000087000000| Complete 
|  85|0x0000000087100000, 0x0000000087200000, 0x0000000087200000|100%| E|CS|TAMS 0x0000000087100000, 0x0000000087100000| Complete 
|  86|0x0000000087200000, 0x0000000087300000, 0x0000000087300000|100%| E|CS|TAMS 0x0000000087200000, 0x0000000087200000| Complete 
|  87|0x0000000087300000, 0x0000000087400000, 0x0000000087400000|100%| E|CS|TAMS 0x0000000087300000, 0x0000000087300000| Complete 
|  88|0x0000000087400000, 0x0000000087500000, 0x0000000087500000|100%| E|CS|TAMS 0x0000000087400000, 0x0000000087400000| Complete 
|  89|0x0000000087500000, 0x0000000087600000, 0x0000000087600000|100%| E|CS|TAMS 0x0000000087500000, 0x0000000087500000| Complete 
|  90|0x0000000087600000, 0x0000000087700000, 0x0000000087700000|100%| E|CS|TAMS 0x0000000087600000, 0x0000000087600000| Complete 
|  91|0x0000000087700000, 0x0000000087800000, 0x0000000087800000|100%| E|CS|TAMS 0x0000000087700000, 0x0000000087700000| Complete 
|  92|0x0000000087800000, 0x0000000087900000, 0x0000000087900000|100%| E|CS|TAMS 0x0000000087800000, 0x0000000087800000| Complete 
|  93|0x0000000087900000, 0x0000000087a00000, 0x0000000087a00000|100%| E|CS|TAMS 0x0000000087900000, 0x0000000087900000| Complete 
|  94|0x0000000087a00000, 0x0000000087b00000, 0x0000000087b00000|100%| E|CS|TAMS 0x0000000087a00000, 0x0000000087a00000| Complete 
|  95|0x0000000087b00000, 0x0000000087c00000, 0x0000000087c00000|100%| E|CS|TAMS 0x0000000087b00000, 0x0000000087b00000| Complete 
|  96|0x0000000087c00000, 0x0000000087d00000, 0x0000000087d00000|100%| E|CS|TAMS 0x0000000087c00000, 0x0000000087c00000| Complete 
|  97|0x0000000087d00000, 0x0000000087e00000, 0x0000000087e00000|100%| E|CS|TAMS 0x0000000087d00000, 0x0000000087d00000| Complete 
|  98|0x0000000087e00000, 0x0000000087f00000, 0x0000000087f00000|100%| E|CS|TAMS 0x0000000087e00000, 0x0000000087e00000| Complete 
|  99|0x0000000087f00000, 0x0000000088000000, 0x0000000088000000|100%| E|CS|TAMS 0x0000000087f00000, 0x0000000087f00000| Complete 
| 100|0x0000000088000000, 0x00000000880199c8, 0x0000000088100000| 10%| S|CS|TAMS 0x0000000088000000, 0x0000000088000000| Complete 
| 101|0x0000000088100000, 0x0000000088200000, 0x0000000088200000|100%| S|CS|TAMS 0x0000000088100000, 0x0000000088100000| Complete 
| 102|0x0000000088200000, 0x0000000088300000, 0x0000000088300000|100%| E|CS|TAMS 0x0000000088200000, 0x0000000088200000| Complete 
| 103|0x0000000088300000, 0x0000000088400000, 0x0000000088400000|100%| E|CS|TAMS 0x0000000088300000, 0x0000000088300000| Complete 
| 104|0x0000000088400000, 0x0000000088500000, 0x0000000088500000|100%| E|CS|TAMS 0x0000000088400000, 0x0000000088400000| Complete 
| 105|0x0000000088500000, 0x0000000088600000, 0x0000000088600000|100%| E|CS|TAMS 0x0000000088500000, 0x0000000088500000| Complete 
| 106|0x0000000088600000, 0x0000000088700000, 0x0000000088700000|100%| E|CS|TAMS 0x0000000088600000, 0x0000000088600000| Complete 
| 107|0x0000000088700000, 0x0000000088800000, 0x0000000088800000|100%| E|CS|TAMS 0x0000000088700000, 0x0000000088700000| Complete 
| 108|0x0000000088800000, 0x0000000088900000, 0x0000000088900000|100%| E|CS|TAMS 0x0000000088800000, 0x0000000088800000| Complete 
| 109|0x0000000088900000, 0x0000000088a00000, 0x0000000088a00000|100%| E|CS|TAMS 0x0000000088900000, 0x0000000088900000| Complete 
| 110|0x0000000088a00000, 0x0000000088b00000, 0x0000000088b00000|100%| E|CS|TAMS 0x0000000088a00000, 0x0000000088a00000| Complete 
| 111|0x0000000088b00000, 0x0000000088c00000, 0x0000000088c00000|100%| E|CS|TAMS 0x0000000088b00000, 0x0000000088b00000| Complete 
| 112|0x0000000088c00000, 0x0000000088d00000, 0x0000000088d00000|100%| E|CS|TAMS 0x0000000088c00000, 0x0000000088c00000| Complete 
| 113|0x0000000088d00000, 0x0000000088e00000, 0x0000000088e00000|100%| E|CS|TAMS 0x0000000088d00000, 0x0000000088d00000| Complete 
| 114|0x0000000088e00000, 0x0000000088f00000, 0x0000000088f00000|100%| E|CS|TAMS 0x0000000088e00000, 0x0000000088e00000| Complete 
| 115|0x0000000088f00000, 0x0000000089000000, 0x0000000089000000|100%| E|CS|TAMS 0x0000000088f00000, 0x0000000088f00000| Complete 
| 116|0x0000000089000000, 0x0000000089100000, 0x0000000089100000|100%| E|CS|TAMS 0x0000000089000000, 0x0000000089000000| Complete 
| 117|0x0000000089100000, 0x0000000089200000, 0x0000000089200000|100%| E|CS|TAMS 0x0000000089100000, 0x0000000089100000| Complete 
| 118|0x0000000089200000, 0x0000000089300000, 0x0000000089300000|100%| E|CS|TAMS 0x0000000089200000, 0x0000000089200000| Complete 
| 119|0x0000000089300000, 0x0000000089400000, 0x0000000089400000|100%| E|CS|TAMS 0x0000000089300000, 0x0000000089300000| Complete 
| 120|0x0000000089400000, 0x0000000089500000, 0x0000000089500000|100%| E|CS|TAMS 0x0000000089400000, 0x0000000089400000| Complete 
| 121|0x0000000089500000, 0x0000000089600000, 0x0000000089600000|100%| E|CS|TAMS 0x0000000089500000, 0x0000000089500000| Complete 
| 122|0x0000000089600000, 0x0000000089700000, 0x0000000089700000|100%| E|CS|TAMS 0x0000000089600000, 0x0000000089600000| Complete 
| 123|0x0000000089700000, 0x0000000089800000, 0x0000000089800000|100%| E|CS|TAMS 0x0000000089700000, 0x0000000089700000| Complete 
| 124|0x0000000089800000, 0x0000000089900000, 0x0000000089900000|100%| E|CS|TAMS 0x0000000089800000, 0x0000000089800000| Complete 
| 125|0x0000000089900000, 0x0000000089a00000, 0x0000000089a00000|100%| E|CS|TAMS 0x0000000089900000, 0x0000000089900000| Complete 
| 126|0x0000000089a00000, 0x0000000089b00000, 0x0000000089b00000|100%| E|CS|TAMS 0x0000000089a00000, 0x0000000089a00000| Complete 
| 127|0x0000000089b00000, 0x0000000089c00000, 0x0000000089c00000|100%| E|CS|TAMS 0x0000000089b00000, 0x0000000089b00000| Complete 

Card table byte_map: [0x000001dd74e50000,0x000001dd75250000] _byte_map_base: 0x000001dd74a42000

Marking Bits (Prev, Next): (CMBitMap*) 0x000001dd6c304dd8, (CMBitMap*) 0x000001dd6c304e18
 Prev Bits: [0x000001dd75650000, 0x000001dd775e0000)
 Next Bits: [0x000001dd775e0000, 0x000001dd79570000)

Polling page: 0x000001dd6a170000

Metaspace:

Usage:
  Non-class:     11.06 MB capacity,    10.75 MB ( 97%) used,   280.27 KB (  2%) free+waste,    42.44 KB ( <1%) overhead. 
      Class:      1.99 MB capacity,     1.84 MB ( 92%) used,   133.55 KB (  7%) free+waste,    21.63 KB (  1%) overhead. 
       Both:     13.05 MB capacity,    12.59 MB ( 96%) used,   413.81 KB (  3%) free+waste,    64.06 KB ( <1%) overhead. 

Virtual space:
  Non-class space:       12.00 MB reserved,      11.25 MB ( 94%) committed 
      Class space:        1.00 GB reserved,       2.00 MB ( <1%) committed 
             Both:        1.01 GB reserved,      13.25 MB (  1%) committed 

Chunk freelists:
   Non-Class:  2.00 KB
       Class:  7.00 KB
        Both:  9.00 KB

MaxMetaspaceSize: 17179869184.00 GB
CompressedClassSpaceSize: 1.00 GB

CodeHeap 'non-profiled nmethods': size=120000Kb used=967Kb max_used=967Kb free=119032Kb
 bounds [0x000001dd07ad0000, 0x000001dd07d40000, 0x000001dd0f000000]
CodeHeap 'profiled nmethods': size=120000Kb used=3776Kb max_used=3776Kb free=116223Kb
 bounds [0x000001dd005a0000, 0x000001dd00960000, 0x000001dd07ad0000]
CodeHeap 'non-nmethods': size=5760Kb used=1279Kb max_used=1350Kb free=4480Kb
 bounds [0x000001dd00000000, 0x000001dd00270000, 0x000001dd005a0000]
 total_blobs=2306 nmethods=1859 adapters=359
 compilation: enabled
              stopped_count=0, restarted_count=0
 full_count=0

Compilation events (20 events):
Event: 2.473 Thread 0x000001dd7ba98800 nmethod 1685 0x000001dd07bb5c10 code [0x000001dd07bb5d80, 0x000001dd07bb5e38]
Event: 2.473 Thread 0x000001dd7ba98800 1698       4       jdk.internal.reflect.ClassFileAssembler::emitByte (11 bytes)
Event: 2.476 Thread 0x000001dd7ba98800 nmethod 1698 0x000001dd07bb5f10 code [0x000001dd07bb6100, 0x000001dd07bb63e8]
Event: 2.476 Thread 0x000001dd7ba98800 1810       4       net.bytebuddy.description.type.TypeDescription$Generic$OfNonGenericType$ForLoadedType::asErasure (8 bytes)
Event: 2.485 Thread 0x000001dd7ba98800 nmethod 1810 0x000001dd07bb6590 code [0x000001dd07bb6780, 0x000001dd07bb6b88]
Event: 2.485 Thread 0x000001dd7ba98800 1848       4       net.bytebuddy.description.type.TypeDescription$ForLoadedType::of (30 bytes)
Event: 2.491 Thread 0x000001dd7ba98800 nmethod 1848 0x000001dd07bb6e90 code [0x000001dd07bb7080, 0x000001dd07bb7428]
Event: 2.491 Thread 0x000001dd7ba98800 1629       4       java.lang.reflect.Method::getParameterCount (6 bytes)
Event: 2.491 Thread 0x000001dd7ba98800 nmethod 1629 0x000001dd07bb7710 code [0x000001dd07bb78a0, 0x000001dd07bb7978]
Event: 2.491 Thread 0x000001dd7ba98800 1669       4       org.eclipse.jdt.launching.internal.org.objectweb.asm.MethodWriter::computeMethodInfoSize (571 bytes)
Event: 2.492 Thread 0x000001dd7ba98800 nmethod 1669 0x000001dd07bb7a10 code [0x000001dd07bb7ba0, 0x000001dd07bb7c58]
Event: 2.492 Thread 0x000001dd7ba98800 1621       4       java.util.Arrays$ArrayList::size (6 bytes)
Event: 2.493 Thread 0x000001dd7ba98800 nmethod 1621 0x000001dd07bb7d10 code [0x000001dd07bb7ea0, 0x000001dd07bb7f78]
Event: 2.493 Thread 0x000001dd7ba98800 1625       4       net.bytebuddy.description.type.TypeDescription$Generic$AbstractBase::asGenericType (2 bytes)
Event: 2.493 Thread 0x000001dd7ba98800 nmethod 1625 0x000001dd07bb8010 code [0x000001dd07bb8180, 0x000001dd07bb81f8]
Event: 2.493 Thread 0x000001dd7ba98800 1614       4       jdk.internal.loader.URLClassPath$JarLoader$2::getCodeSourceURL (8 bytes)
Event: 2.494 Thread 0x000001dd7ba98800 nmethod 1614 0x000001dd07bb8310 code [0x000001dd07bb84a0, 0x000001dd07bb8578]
Event: 2.494 Thread 0x000001dd7ba98800 1859       4       org.eclipse.jdt.launching.internal.org.objectweb.asm.ClassWriter::visitEnd (1 bytes)
Event: 2.495 Thread 0x000001dd7ba98800 nmethod 1859 0x000001dd07bb8610 code [0x000001dd07bb8780, 0x000001dd07bb87f8]
Event: 2.517 Thread 0x000001dd7d974800 nmethod 1620% 0x000001dd07bb8910 code [0x000001dd07bb9240, 0x000001dd07bbf4c8]

GC Heap History (6 events):
Event: 0.705 GC heap before
{Heap before GC invocations=0 (full 0):
 garbage-first heap   total 131072K, used 13312K [0x0000000081c00000, 0x0000000100000000)
  region size 1024K, 13 young (13312K), 0 survivors (0K)
 Metaspace       used 2998K, capacity 4973K, committed 5120K, reserved 1056768K
  class space    used 273K, capacity 443K, committed 512K, reserved 1048576K
}
Event: 0.709 GC heap after
{Heap after GC invocations=1 (full 0):
 garbage-first heap   total 131072K, used 6112K [0x0000000081c00000, 0x0000000100000000)
  region size 1024K, 2 young (2048K), 2 survivors (2048K)
 Metaspace       used 2998K, capacity 4973K, committed 5120K, reserved 1056768K
  class space    used 273K, capacity 443K, committed 512K, reserved 1048576K
}
Event: 0.953 GC heap before
{Heap before GC invocations=1 (full 0):
 garbage-first heap   total 131072K, used 18400K [0x0000000081c00000, 0x0000000100000000)
  region size 1024K, 14 young (14336K), 2 survivors (2048K)
 Metaspace       used 4474K, capacity 5824K, committed 6016K, reserved 1056768K
  class space    used 442K, capacity 579K, committed 640K, reserved 1048576K
}
Event: 0.957 GC heap after
{Heap after GC invocations=2 (full 0):
 garbage-first heap   total 131072K, used 6904K [0x0000000081c00000, 0x0000000100000000)
  region size 1024K, 1 young (1024K), 1 survivors (1024K)
 Metaspace       used 4474K, capacity 5824K, committed 6016K, reserved 1056768K
  class space    used 442K, capacity 579K, committed 640K, reserved 1048576K
}
Event: 1.326 GC heap before
{Heap before GC invocations=2 (full 0):
 garbage-first heap   total 131072K, used 31480K [0x0000000081c00000, 0x0000000100000000)
  region size 1024K, 26 young (26624K), 1 survivors (1024K)
 Metaspace       used 6804K, capacity 7556K, committed 7680K, reserved 1056768K
  class space    used 792K, capacity 946K, committed 1024K, reserved 1048576K
}
Event: 1.328 GC heap after
{Heap after GC invocations=3 (full 0):
 garbage-first heap   total 131072K, used 7328K [0x0000000081c00000, 0x0000000100000000)
  region size 1024K, 2 young (2048K), 2 survivors (2048K)
 Metaspace       used 6804K, capacity 7556K, committed 7680K, reserved 1056768K
  class space    used 792K, capacity 946K, committed 1024K, reserved 1048576K
}

Deoptimization events (20 events):
Event: 1.991 Thread 0x000001dd6c2c1000 DEOPT PACKING pc=0x000001dd0086e3b4 sp=0x000000dd5c7fb0f0
Event: 1.991 Thread 0x000001dd6c2c1000 DEOPT UNPACKING pc=0x000001dd0004964e sp=0x000000dd5c7fa5e0 mode 1
Event: 2.016 Thread 0x000001dd6c2c1000 DEOPT PACKING pc=0x000001dd00748745 sp=0x000000dd5c7f4eb0
Event: 2.016 Thread 0x000001dd6c2c1000 DEOPT UNPACKING pc=0x000001dd0004964e sp=0x000000dd5c7f4560 mode 0
Event: 2.103 Thread 0x000001dd6c2c1000 DEOPT PACKING pc=0x000001dd00748745 sp=0x000000dd5c7f9b20
Event: 2.103 Thread 0x000001dd6c2c1000 DEOPT UNPACKING pc=0x000001dd0004964e sp=0x000000dd5c7f91d0 mode 0
Event: 2.104 Thread 0x000001dd6c2c1000 DEOPT PACKING pc=0x000001dd007b69b4 sp=0x000000dd5c7fb8c0
Event: 2.104 Thread 0x000001dd6c2c1000 DEOPT UNPACKING pc=0x000001dd0004964e sp=0x000000dd5c7fad58 mode 1
Event: 2.104 Thread 0x000001dd6c2c1000 DEOPT PACKING pc=0x000001dd00740f84 sp=0x000000dd5c7fb990
Event: 2.104 Thread 0x000001dd6c2c1000 DEOPT UNPACKING pc=0x000001dd0004964e sp=0x000000dd5c7fae48 mode 1
Event: 2.179 Thread 0x000001dd6c2c1000 DEOPT PACKING pc=0x000001dd00748745 sp=0x000000dd5c7f5f40
Event: 2.179 Thread 0x000001dd6c2c1000 DEOPT UNPACKING pc=0x000001dd0004964e sp=0x000000dd5c7f55f0 mode 0
Event: 2.263 Thread 0x000001dd6c2c1000 DEOPT PACKING pc=0x000001dd00748745 sp=0x000000dd5c7f9dc0
Event: 2.263 Thread 0x000001dd6c2c1000 DEOPT UNPACKING pc=0x000001dd0004964e sp=0x000000dd5c7f9470 mode 0
Event: 2.402 Thread 0x000001dd6c2c1000 DEOPT PACKING pc=0x000001dd00748745 sp=0x000000dd5c7fa5d0
Event: 2.402 Thread 0x000001dd6c2c1000 DEOPT UNPACKING pc=0x000001dd0004964e sp=0x000000dd5c7f9c80 mode 0
Event: 2.402 Thread 0x000001dd6c2c1000 DEOPT PACKING pc=0x000001dd007b69b4 sp=0x000000dd5c7fc3e0
Event: 2.402 Thread 0x000001dd6c2c1000 DEOPT UNPACKING pc=0x000001dd0004964e sp=0x000000dd5c7fb878 mode 1
Event: 2.402 Thread 0x000001dd6c2c1000 DEOPT PACKING pc=0x000001dd00740f84 sp=0x000000dd5c7fc4b0
Event: 2.402 Thread 0x000001dd6c2c1000 DEOPT UNPACKING pc=0x000001dd0004964e sp=0x000000dd5c7fb968 mode 1

Classes unloaded (0 events):
No events

Classes redefined (5 events):
Event: 240.385 Thread 0x000001dd7ba4c000 redefined class name=br.com.zup.estrelas.sistema.prefeitura.service.ProjetoServiceTestes, count=1
Event: 625.965 Thread 0x000001dd7ba4c000 redefined class name=br.com.zup.estrelas.sistema.prefeitura.service.ProjetoServiceTestes, count=2
Event: 704.206 Thread 0x000001dd7ba4c000 redefined class name=br.com.zup.estrelas.sistema.prefeitura.service.ProjetoServiceTestes, count=3
Event: 734.278 Thread 0x000001dd7ba4c000 redefined class name=br.com.zup.estrelas.sistema.prefeitura.service.ProjetoServiceTestes, count=4
Event: 830.120 Thread 0x000001dd7ba4c000 redefined class name=br.com.zup.estrelas.sistema.prefeitura.service.ProjetoServiceTestes, count=5

Internal exceptions (20 events):
Event: 0.849 Thread 0x000001dd6c2c1000 Exception <a 'java/lang/NoSuchMethodError'{0x0000000089696048}: 'void java.lang.invoke.DirectMethodHandle$Holder.invokeStaticInit(java.lang.Object, java.lang.Object, java.lang.Object)'> (0x0000000089696048) 
thrown [./open/src/hotspot/share/interpreter/linkResolver.cpp, line 766]
Event: 0.877 Thread 0x000001dd6c2c1000 Exception <a 'java/lang/NoSuchMethodError'{0x00000000894684e0}: 'int java.lang.invoke.DirectMethodHandle$Holder.invokeVirtual(java.lang.Object, java.lang.Object)'> (0x00000000894684e0) 
thrown [./open/src/hotspot/share/interpreter/linkResolver.cpp, line 766]
Event: 0.909 Thread 0x000001dd6c2c1000 Exception <a 'java/lang/NoSuchMethodError'{0x00000000893ab6e8}: 'java.lang.Object java.lang.invoke.DirectMethodHandle$Holder.invokeStaticInit(java.lang.Object, int)'> (0x00000000893ab6e8) 
thrown [./open/src/hotspot/share/interpreter/linkResolver.cpp, line 766]
Event: 0.934 Thread 0x000001dd6c2c1000 Exception <a 'java/lang/NoSuchMethodError'{0x00000000891c9458}: 'int java.lang.invoke.DirectMethodHandle$Holder.invokeSpecialIFC(java.lang.Object, java.lang.Object, java.lang.Object, java.lang.Object)'> (0x00000000891c9458) 
thrown [./open/src/hotspot/share/interpreter/linkResolver.cpp, line 766]
Event: 0.962 Thread 0x000001dd6c2c1000 Exception <a 'java/lang/NoSuchMethodError'{0x0000000089b57c80}: 'void java.lang.invoke.DirectMethodHandle$Holder.invokeInterface(java.lang.Object, java.lang.Object)'> (0x0000000089b57c80) 
thrown [./open/src/hotspot/share/interpreter/linkResolver.cpp, line 766]
Event: 0.962 Thread 0x000001dd6c2c1000 Exception <a 'java/lang/IncompatibleClassChangeError'{0x0000000089b5a918}: Found class java.lang.Object, but interface was expected> (0x0000000089b5a918) 
thrown [./open/src/hotspot/share/interpreter/linkResolver.cpp, line 832]
Event: 1.001 Thread 0x000001dd6c2c1000 Exception <a 'java/lang/NoSuchMethodError'{0x00000000899948a0}: 'java.lang.Object java.lang.invoke.Invokers$Holder.linkToTargetMethod(java.lang.Object, java.lang.Object, java.lang.Object, java.lang.Object, java.lang.Object, java.lang.Object)'> (0x00000000899948a0) 
thrown [./open/src/hotspot/share/interpreter/linkResolver.cpp, line 766]
Event: 1.039 Thread 0x000001dd6c2c1000 Exception <a 'java/lang/IncompatibleClassChangeError'{0x00000000898c79f8}: Found class java.lang.Object, but interface was expected> (0x00000000898c79f8) 
thrown [./open/src/hotspot/share/interpreter/linkResolver.cpp, line 832]
Event: 1.157 Thread 0x000001dd6c2c1000 Exception <a 'java/lang/IncompatibleClassChangeError'{0x0000000088d304e0}: Found class java.lang.Object, but interface was expected> (0x0000000088d304e0) 
thrown [./open/src/hotspot/share/interpreter/linkResolver.cpp, line 832]
Event: 1.194 Thread 0x000001dd6c2c1000 Exception <a 'java/lang/NoSuchMethodError'{0x0000000088b8bb18}: 'void java.lang.invoke.DirectMethodHandle$Holder.invokeStatic(java.lang.Object, java.lang.Object, java.lang.Object, java.lang.Object)'> (0x0000000088b8bb18) 
thrown [./open/src/hotspot/share/interpreter/linkResolver.cpp, line 766]
Event: 1.202 Thread 0x000001dd6c2c1000 Exception <a 'java/lang/NoSuchMethodError'{0x0000000088a1a040}: 'java.lang.Object java.lang.invoke.DirectMethodHandle$Holder.invokeSpecialIFC(java.lang.Object, java.lang.Object, java.lang.Object, java.lang.Object)'> (0x0000000088a1a040) 
thrown [./open/src/hotspot/share/interpreter/linkResolver.cpp, line 766]
Event: 1.229 Thread 0x000001dd6c2c1000 Exception <a 'java/lang/NoSuchMethodError'{0x000000008891ea18}: 'void java.lang.invoke.DirectMethodHandle$Holder.invokeSpecial(java.lang.Object, java.lang.Object, java.lang.Object, java.lang.Object)'> (0x000000008891ea18) 
thrown [./open/src/hotspot/share/interpreter/linkResolver.cpp, line 766]
Event: 1.240 Thread 0x000001dd6c2c1000 Exception <a 'java/lang/NoSuchMethodError'{0x000000008898d218}: 'java.lang.Object java.lang.invoke.DirectMethodHandle$Holder.invokeVirtual(java.lang.Object, java.lang.Object, java.lang.Object)'> (0x000000008898d218) 
thrown [./open/src/hotspot/share/interpreter/linkResolver.cpp, line 766]
Event: 1.247 Thread 0x000001dd6c2c1000 Exception <a 'java/lang/NoSuchMethodError'{0x00000000889e9848}: 'void java.lang.invoke.DirectMethodHandle$Holder.invokeSpecial(java.lang.Object, java.lang.Object, java.lang.Object, java.lang.Object, java.lang.Object, java.lang.Object)'> (0x00000000889e9848) 
thrown [./open/src/hotspot/share/interpreter/linkResolver.cpp, line 766]
Event: 1.250 Thread 0x000001dd6c2c1000 Exception <a 'java/lang/NoSuchMethodError'{0x0000000088833158}: 'void java.lang.invoke.DirectMethodHandle$Holder.invokeInterface(java.lang.Object, java.lang.Object, java.lang.Object, java.lang.Object)'> (0x0000000088833158) 
thrown [./open/src/hotspot/share/interpreter/linkResolver.cpp, line 766]
Event: 1.250 Thread 0x000001dd6c2c1000 Exception <a 'java/lang/IncompatibleClassChangeError'{0x0000000088835b80}: Found class java.lang.Object, but interface was expected> (0x0000000088835b80) 
thrown [./open/src/hotspot/share/interpreter/linkResolver.cpp, line 832]
Event: 1.269 Thread 0x000001dd6c2c1000 Exception <a 'java/lang/NoSuchMethodError'{0x00000000887cdd68}: 'java.lang.Object java.lang.invoke.Invokers$Holder.invokeExact_MT(java.lang.Object, java.lang.Object, java.lang.Object, java.lang.Object, java.lang.Object, java.lang.Object)'> (0x00000000887cdd68) 
thrown [./open/src/hotspot/share/interpreter/linkResolver.cpp, line 766]
Event: 1.278 Thread 0x000001dd6c2c1000 Exception <a 'java/lang/NoSuchMethodError'{0x000000008869bd28}: 'void java.lang.invoke.DirectMethodHandle$Holder.invokeSpecial(java.lang.Object, java.lang.Object)'> (0x000000008869bd28) 
thrown [./open/src/hotspot/share/interpreter/linkResolver.cpp, line 766]
Event: 1.358 Thread 0x000001dd6c2c1000 Exception <a 'java/lang/NoSuchMethodError'{0x0000000089861178}: 'int java.lang.invoke.DirectMethodHandle$Holder.invokeSpecial(java.lang.Object, java.lang.Object, java.lang.Object, java.lang.Object)'> (0x0000000089861178) 
thrown [./open/src/hotspot/share/interpreter/linkResolver.cpp, line 766]
Event: 1.991 Thread 0x000001dd6c2c1000 Exception <a 'java/lang/ClassNotFoundException'{0x0000000086bac0b8}: java/lang/ClassLoader$ByteBuddyAccessor$UuMfXvdN> (0x0000000086bac0b8) 
thrown [./open/src/hotspot/share/classfile/systemDictionary.cpp, line 226]

Events (20 events):
Event: 5153.345 Executing VM operation: GetCurrentContendedMonitor
Event: 5153.345 Executing VM operation: GetCurrentContendedMonitor done
Event: 5153.345 Executing VM operation: GetOwnedMonitorInfo
Event: 5153.346 Executing VM operation: GetOwnedMonitorInfo done
Event: 5187.394 Executing VM operation: GetCurrentContendedMonitor
Event: 5187.394 Executing VM operation: GetCurrentContendedMonitor done
Event: 5187.394 Executing VM operation: GetOwnedMonitorInfo
Event: 5187.395 Executing VM operation: GetOwnedMonitorInfo done
Event: 5187.508 Executing VM operation: GetCurrentContendedMonitor
Event: 5187.508 Executing VM operation: GetCurrentContendedMonitor done
Event: 5187.509 Executing VM operation: GetOwnedMonitorInfo
Event: 5187.509 Executing VM operation: GetOwnedMonitorInfo done
Event: 5218.953 Executing VM operation: GetFrameCount
Event: 5218.953 Executing VM operation: GetFrameCount done
Event: 5218.954 Executing VM operation: GetOwnedMonitorInfo
Event: 5218.954 Executing VM operation: GetOwnedMonitorInfo done
Event: 5218.954 Executing VM operation: GetCurrentContendedMonitor
Event: 5218.954 Executing VM operation: GetCurrentContendedMonitor done
Event: 5218.961 Executing VM operation: GetFrameLocation
Event: 5218.961 Executing VM operation: GetFrameLocation done


Dynamic libraries:
0x00007ff628c70000 - 0x00007ff628c7f000 	C:\Program Files\Java\jdk-14.0.2\bin\javaw.exe
0x00007ffe8b7e0000 - 0x00007ffe8b9d0000 	C:\Windows\SYSTEM32\ntdll.dll
0x00007ffe8b680000 - 0x00007ffe8b732000 	C:\Windows\System32\KERNEL32.DLL
0x00007ffe88a90000 - 0x00007ffe88d35000 	C:\Windows\System32\KERNELBASE.dll
0x00007ffe88960000 - 0x00007ffe88a5a000 	C:\Windows\System32\ucrtbase.dll
0x00007ffe7f8e0000 - 0x00007ffe7f8f8000 	C:\Program Files\Java\jdk-14.0.2\bin\jli.dll
0x00007ffe89890000 - 0x00007ffe89933000 	C:\Windows\System32\ADVAPI32.dll
0x00007ffe8a620000 - 0x00007ffe8a6be000 	C:\Windows\System32\msvcrt.dll
0x00007ffe8b5e0000 - 0x00007ffe8b677000 	C:\Windows\System32\sechost.dll
0x00007ffe8b130000 - 0x00007ffe8b250000 	C:\Windows\System32\RPCRT4.dll
0x00007ffe8b440000 - 0x00007ffe8b5d4000 	C:\Windows\System32\USER32.dll
0x00007ffe89860000 - 0x00007ffe89881000 	C:\Windows\System32\win32u.dll
0x00007ffe7f8c0000 - 0x00007ffe7f8d5000 	C:\Program Files\Java\jdk-14.0.2\bin\VCRUNTIME140.dll
0x00007ffe89e80000 - 0x00007ffe89ea6000 	C:\Windows\System32\GDI32.dll
0x00007ffe887c0000 - 0x00007ffe88956000 	C:\Windows\System32\gdi32full.dll
0x00007ffe897a0000 - 0x00007ffe8983e000 	C:\Windows\System32\msvcp_win.dll
0x00007ffe82280000 - 0x00007ffe82504000 	C:\Windows\WinSxS\amd64_microsoft.windows.common-controls_6595b64144ccf1df_6.0.18362.1139_none_9e7bf2d3e4605ac6\COMCTL32.dll
0x00007ffe89a90000 - 0x00007ffe89dc5000 	C:\Windows\System32\combase.dll
0x00007ffe88d40000 - 0x00007ffe88dc0000 	C:\Windows\System32\bcryptPrimitives.dll
0x00007ffe7c7b0000 - 0x00007ffe7c7ba000 	C:\Windows\SYSTEM32\VERSION.dll
0x00007ffe89df0000 - 0x00007ffe89e1e000 	C:\Windows\System32\IMM32.DLL
0x00007ffe790c0000 - 0x00007ffe7915b000 	C:\Program Files\Java\jdk-14.0.2\bin\msvcp140.dll
0x00007ffe5f4d0000 - 0x00007ffe5ffee000 	C:\Program Files\Java\jdk-14.0.2\bin\server\jvm.dll
0x00007ffe8ae60000 - 0x00007ffe8ae68000 	C:\Windows\System32\PSAPI.DLL
0x00007ffe864f0000 - 0x00007ffe86514000 	C:\Windows\SYSTEM32\WINMM.dll
0x00007ffe74810000 - 0x00007ffe74819000 	C:\Windows\SYSTEM32\WSOCK32.dll
0x00007ffe8b3d0000 - 0x00007ffe8b43f000 	C:\Windows\System32\WS2_32.dll
0x00007ffe863e0000 - 0x00007ffe8640d000 	C:\Windows\SYSTEM32\winmmbase.dll
0x00007ffe88770000 - 0x00007ffe887ba000 	C:\Windows\System32\cfgmgr32.dll
0x00007ffe886d0000 - 0x00007ffe886e1000 	C:\Windows\System32\kernel.appcore.dll
0x00007ffe80f00000 - 0x00007ffe80f0a000 	C:\Program Files\Java\jdk-14.0.2\bin\jimage.dll
0x00007ffe81040000 - 0x00007ffe81234000 	C:\Windows\SYSTEM32\DBGHELP.DLL
0x00007ffe7fc00000 - 0x00007ffe7fc2a000 	C:\Windows\SYSTEM32\dbgcore.DLL
0x00007ffe74d40000 - 0x00007ffe74d78000 	C:\Program Files\Java\jdk-14.0.2\bin\jdwp.dll
0x00007ffe77c80000 - 0x00007ffe77ca5000 	C:\Program Files\Java\jdk-14.0.2\bin\java.dll
0x00007ffe866e0000 - 0x00007ffe866ee000 	C:\Program Files\Java\jdk-14.0.2\bin\instrument.dll
0x00007ffe7a450000 - 0x00007ffe7a466000 	C:\Program Files\Java\jdk-14.0.2\bin\zip.dll
0x00007ffe89f30000 - 0x00007ffe8a617000 	C:\Windows\System32\SHELL32.dll
0x00007ffe8b080000 - 0x00007ffe8b129000 	C:\Windows\System32\shcore.dll
0x00007ffe89020000 - 0x00007ffe897a0000 	C:\Windows\System32\windows.storage.dll
0x00007ffe88740000 - 0x00007ffe88763000 	C:\Windows\System32\profapi.dll
0x00007ffe886f0000 - 0x00007ffe8873a000 	C:\Windows\System32\powrprof.dll
0x00007ffe886a0000 - 0x00007ffe886b0000 	C:\Windows\System32\UMPDC.dll
0x00007ffe8b020000 - 0x00007ffe8b072000 	C:\Windows\System32\shlwapi.dll
0x00007ffe89840000 - 0x00007ffe89857000 	C:\Windows\System32\cryptsp.dll
0x00007ffe829b0000 - 0x00007ffe829bb000 	C:\Program Files\Java\jdk-14.0.2\bin\dt_socket.dll
0x00007ffe87ba0000 - 0x00007ffe87bda000 	C:\Windows\SYSTEM32\IPHLPAPI.DLL
0x00007ffe87e90000 - 0x00007ffe87ef7000 	C:\Windows\system32\mswsock.dll
0x00007ffe87be0000 - 0x00007ffe87cab000 	C:\Windows\SYSTEM32\DNSAPI.dll
0x00007ffe89a80000 - 0x00007ffe89a88000 	C:\Windows\System32\NSI.dll
0x00007ffe77420000 - 0x00007ffe7742a000 	C:\Windows\System32\rasadhlp.dll
0x00007ffe7b720000 - 0x00007ffe7b797000 	C:\Windows\System32\fwpuclnt.dll
0x00007ffe88a60000 - 0x00007ffe88a86000 	C:\Windows\System32\bcrypt.dll
0x00007ffe763b0000 - 0x00007ffe763c9000 	C:\Program Files\Java\jdk-14.0.2\bin\net.dll
0x00007ffe77fb0000 - 0x00007ffe780a0000 	C:\Windows\SYSTEM32\WINHTTP.dll
0x00007ffe76390000 - 0x00007ffe763a2000 	C:\Program Files\Java\jdk-14.0.2\bin\nio.dll
0x00007ffe6fce0000 - 0x00007ffe6fcf0000 	C:\Program Files\Java\jdk-14.0.2\bin\verify.dll
0x00007ffe7b8d0000 - 0x00007ffe7b8e6000 	C:\Windows\SYSTEM32\dhcpcsvc6.DLL
0x00007ffe7c8d0000 - 0x00007ffe7c8ec000 	C:\Windows\SYSTEM32\dhcpcsvc.DLL

dbghelp: loaded successfully - version: 4.0.5 - missing functions: none
symbol engine: initialized successfully - sym options: 0x614 - pdb path: .;C:\Program Files\Java\jdk-14.0.2\bin;C:\Windows\SYSTEM32;C:\Windows\WinSxS\amd64_microsoft.windows.common-controls_6595b64144ccf1df_6.0.18362.1139_none_9e7bf2d3e4605ac6;C:\Program Files\Java\jdk-14.0.2\bin\server

VM Arguments:
jvm_args: -agentlib:jdwp=transport=dt_socket,suspend=y,address=localhost:53375 -ea -javaagent:C:\Users\Zupper\eclipse\jee-2020-06\eclipse\configuration\org.eclipse.osgi\413\0\.cp\lib\javaagent-shaded.jar -Dfile.encoding=UTF-8 
java_command: org.eclipse.jdt.internal.junit.runner.RemoteTestRunner -version 3 -port 53374 -testLoaderClass org.eclipse.jdt.internal.junit5.runner.JUnit5TestLoader -loaderpluginname org.eclipse.jdt.junit5.runtime -test br.com.zup.estrelas.sistema.prefeitura.service.ProjetoServiceTestes:deveConcluirProjetoComSucesso
java_class_path (initial): C:\Users\Zupper\eclipse-workspace\zup-estrelas-sistema-prefeitura\target\test-classes;C:\Users\Zupper\eclipse-workspace\zup-estrelas-sistema-prefeitura\target\classes;C:\Users\Zupper\.m2\repository\org\springframework\boot\spring-boot-starter-data-jpa\2.3.5.RELEASE\spring-boot-starter-data-jpa-2.3.5.RELEASE.jar;C:\Users\Zupper\.m2\repository\org\springframework\boot\spring-boot-starter-aop\2.3.5.RELEASE\spring-boot-starter-aop-2.3.5.RELEASE.jar;C:\Users\Zupper\.m2\repository\org\springframework\spring-aop\5.2.10.RELEASE\spring-aop-5.2.10.RELEASE.jar;C:\Users\Zupper\.m2\repository\org\aspectj\aspectjweaver\1.9.6\aspectjweaver-1.9.6.jar;C:\Users\Zupper\.m2\repository\org\springframework\boot\spring-boot-starter-jdbc\2.3.5.RELEASE\spring-boot-starter-jdbc-2.3.5.RELEASE.jar;C:\Users\Zupper\.m2\repository\com\zaxxer\HikariCP\3.4.5\HikariCP-3.4.5.jar;C:\Users\Zupper\.m2\repository\org\springframework\spring-jdbc\5.2.10.RELEASE\spring-jdbc-5.2.10.RELEASE.jar;C:\Users\Zupper\.m2\repository\jakarta\transaction\jakarta.transaction-api\1.3.3\jakarta.transaction-api-1.3.3.jar;C:\Users\Zupper\.m2\repository\jakarta\persistence\jakarta.persistence-api\2.2.3\jakarta.persistence-api-2.2.3.jar;C:\Users\Zupper\.m2\repository\org\hibernate\hibernate-core\5.4.22.Final\hibernate-core-5.4.22.Final.jar;C:\Users\Zupper\.m2\repository\org\jboss\logging\jboss-logging\3.4.1.Final\jboss-logging-3.4.1.Final.jar;C:\Users\Zupper\.m2\repository\org\javassist\javassist\3.24.0-GA\javassist-3.24.0-GA.jar;C:\Users\Zupper\.m2\repository\net\bytebuddy\byte-buddy\1.10.17\byte-buddy-1.10.17.jar;C:\Users\Zupper\.m2\repository\antlr\antlr\2.7.7\antlr-2.7.7.jar;C:\Users\Zupper\.m2\repository\org\jboss\jandex\2.1.3.Final\jandex-2.1.3.Final.jar;C:\Users\Zupper\.m2\repository\com\fasterxml\classmate\1.5.1\classmate-1.5.1.jar;C:\Users\Zupper\.m2\repository\org\dom4j\dom4j\2.1.3\dom4j-2.1.3.jar;C:\Users\Zupper\.m2\repository\org\hibernate\common\hibernate-commons-annotations\5.1.0.Fin
Launcher Type: SUN_STANDARD

[Global flags]
     intx CICompilerCount                          = 3                                         {product} {ergonomic}
     uint ConcGCThreads                            = 1                                         {product} {ergonomic}
     uint G1ConcRefinementThreads                  = 4                                         {product} {ergonomic}
   size_t G1HeapRegionSize                         = 1048576                                   {product} {ergonomic}
    uintx GCDrainStackTargetSize                   = 64                                        {product} {ergonomic}
   size_t InitialHeapSize                          = 134217728                                 {product} {ergonomic}
   size_t MarkStackSize                            = 4194304                                   {product} {ergonomic}
   size_t MaxHeapSize                              = 2118123520                                {product} {ergonomic}
   size_t MaxNewSize                               = 1270874112                                {product} {ergonomic}
   size_t MinHeapDeltaBytes                        = 1048576                                   {product} {ergonomic}
   size_t MinHeapSize                              = 8388608                                   {product} {ergonomic}
    uintx NonNMethodCodeHeapSize                   = 5832780                                {pd product} {ergonomic}
    uintx NonProfiledCodeHeapSize                  = 122912730                              {pd product} {ergonomic}
    uintx ProfiledCodeHeapSize                     = 122912730                              {pd product} {ergonomic}
    uintx ReservedCodeCacheSize                    = 251658240                              {pd product} {ergonomic}
     bool SegmentedCodeCache                       = true                                      {product} {ergonomic}
   size_t SoftMaxHeapSize                          = 2118123520                             {manageable} {ergonomic}
     bool UseCompressedClassPointers               = true                                 {lp64_product} {ergonomic}
     bool UseCompressedOops                        = true                                 {lp64_product} {ergonomic}
     bool UseG1GC                                  = true                                      {product} {ergonomic}
     bool UseLargePagesIndividualAllocation        = false                                  {pd product} {ergonomic}

Logging:
Log output configuration:
 #0: stdout all=warning uptime,level,tags
 #1: stderr all=off uptime,level,tags

Environment Variables:
JAVA_HOME=C:\Program Files\Java\jdk-14.0.2
PATH=C:/Program Files/Java/jdk-14.0.2/bin/server;C:/Program Files/Java/jdk-14.0.2/bin;C:\Windows\system32;C:\Windows;C:\Windows\System32\Wbem;C:\Windows\System32\WindowsPowerShell\v1.0\;C:\Windows\System32\OpenSSH\;C:\Program Files\Git\cmd;C:\Program Files\Java\jdk-14.0.2\bin;C:\Users\Zupper\apache-maven-3.6.3-bin\apache-maven-3.6.3\bin;C:\Users\Zupper\AppData\Local\Microsoft\WindowsApps;C:\Users\Zupper\apache-maven-3.6.3-bin\apache-maven-3.6.3\bin;;C:\Users\Zupper\Desktop;
USERNAME=Zupper
OS=Windows_NT
PROCESSOR_IDENTIFIER=Intel64 Family 6 Model 78 Stepping 3, GenuineIntel



---------------  S Y S T E M  ---------------

OS: Windows 10 , 64 bit Build 18362 (10.0.18362.1110)
OS uptime: 1 days 15:24 hours

CPU:total 4 (initial active 4) (2 cores per cpu, 2 threads per core) family 6 model 78 stepping 3, cmov, cx8, fxsr, mmx, sse, sse2, sse3, ssse3, sse4.1, sse4.2, popcnt, avx, avx2, aes, clmul, erms, 3dnowpref, lzcnt, ht, tsc, tscinvbit, bmi1, bmi2, adx, fma

Memory: 4k page, system-wide physical 8078M (2492M free)
TotalPageFile size 15246M (AvailPageFile size 7877M)
current process WorkingSet (physical memory assigned to process): 39M, peak: 188M
current process commit charge ("private bytes"): 228M, peak: 274M

vm_info: Java HotSpot(TM) 64-Bit Server VM (14.0.2+12-46) for windows-amd64 JRE (14.0.2+12-46), built on Jul  9 2020 00:35:52 by "mach5one" with MS VC++ 15.9 (VS2017)

END.
